<?xml version="1.0" encoding="UTF-8"?>
<robot generator="Robot 7.0 (Python 3.12.4 on darwin)" generated="2024-10-09T10:28:43.007555" rpa="false" schemaversion="5">
<suite id="s1" name="Login" source="/Users/macbook/Desktop/TestDDream/Dicedreams-Fullstack/test/Login.robot">
<test id="s1-t1" name="TC1001 การเข้าสู่ระบบ" line="42">
<kw name="Open Browser" owner="SeleniumLibrary">
<msg time="2024-10-09T10:28:43.515221" level="INFO">Opening browser 'chrome' to base url 'https://dicedreams-font-end.vercel.app'.</msg>
<arg>${URL}</arg>
<arg>${Browser}</arg>
<doc>Opens a new browser instance to the optional ``url``.</doc>
<status status="PASS" start="2024-10-09T10:28:43.514483" elapsed="30.306493"/>
</kw>
<kw name="Click Button" owner="SeleniumLibrary">
<msg time="2024-10-09T10:29:13.884222" level="INFO">Clicking button 'id=login-button'.</msg>
<arg>id=login-button</arg>
<doc>Clicks the button identified by ``locator``.</doc>
<status status="PASS" start="2024-10-09T10:29:13.871848" elapsed="0.293628"/>
</kw>
<kw name="Wait Until Element Is Visible" owner="SeleniumLibrary">
<arg>xpath=//div[@id='login-form']/div</arg>
<arg>10s</arg>
<doc>Waits until the element ``locator`` is visible.</doc>
<status status="PASS" start="2024-10-09T10:29:14.166191" elapsed="0.045387"/>
</kw>
<kw name="Input Text" owner="SeleniumLibrary">
<msg time="2024-10-09T10:29:14.213580" level="INFO">Typing text 'WOJA2' into text field 'name=identifier'.</msg>
<arg>name=identifier</arg>
<arg>WOJA2</arg>
<doc>Types the given ``text`` into the text field identified by ``locator``.</doc>
<status status="PASS" start="2024-10-09T10:29:14.212513" elapsed="0.581026"/>
</kw>
<kw name="Click Button" owner="SeleniumLibrary">
<msg time="2024-10-09T10:29:14.794396" level="INFO">Clicking button 'id=loginPassword'.</msg>
<arg>id=loginPassword</arg>
<doc>Clicks the button identified by ``locator``.</doc>
<status status="PASS" start="2024-10-09T10:29:14.794018" elapsed="0.108676"/>
</kw>
<kw name="Input Text" owner="SeleniumLibrary">
<msg time="2024-10-09T10:29:14.904761" level="INFO">Typing text '111111' into text field 'name=loginPassword'.</msg>
<arg>name=loginPassword</arg>
<arg>111111</arg>
<doc>Types the given ``text`` into the text field identified by ``locator``.</doc>
<status status="PASS" start="2024-10-09T10:29:14.903301" elapsed="0.396019"/>
</kw>
<kw name="Click Button" owner="SeleniumLibrary">
<msg time="2024-10-09T10:29:15.300943" level="INFO">Clicking button 'id=login-submit-button'.</msg>
<arg>id=login-submit-button</arg>
<doc>Clicks the button identified by ``locator``.</doc>
<status status="PASS" start="2024-10-09T10:29:15.300211" elapsed="0.111598"/>
</kw>
<kw name="Check Title blog">
<kw name="Wait Until Page Contains" owner="SeleniumLibrary">
<arg>เข้าสู่ระบบสำเร็จ</arg>
<arg>10s</arg>
<doc>Waits until ``text`` appears on the current page.</doc>
<status status="PASS" start="2024-10-09T10:29:15.420121" elapsed="0.797984"/>
</kw>
<kw name="Sleep" owner="BuiltIn">
<msg time="2024-10-09T10:29:17.246153" level="INFO">Slept 1 second.</msg>
<arg>1</arg>
<doc>Pauses the test executed for the given time.</doc>
<status status="PASS" start="2024-10-09T10:29:16.222485" elapsed="1.024015"/>
</kw>
<kw name="Capture Page Screenshot" owner="SeleniumLibrary">
<msg time="2024-10-09T10:29:18.576019" level="INFO" html="true">&lt;/td&gt;&lt;/tr&gt;&lt;tr&gt;&lt;td colspan="3"&gt;&lt;a href="Photo/Viwearticle/TC1001.png"&gt;&lt;img src="Photo/Viwearticle/TC1001.png" width="800px"&gt;&lt;/a&gt;</msg>
<arg>Photo/Viwearticle/TC1001.png</arg>
<doc>Takes a screenshot of the current page and embeds it into a log file.</doc>
<status status="PASS" start="2024-10-09T10:29:17.246917" elapsed="1.329324"/>
</kw>
<status status="PASS" start="2024-10-09T10:29:15.416819" elapsed="3.159708"/>
</kw>
<kw name="Close Browser" owner="SeleniumLibrary">
<doc>Closes the current browser.</doc>
<status status="PASS" start="2024-10-09T10:29:18.577835" elapsed="0.307691"/>
</kw>
<status status="PASS" start="2024-10-09T10:28:43.511484" elapsed="35.375070"/>
</test>
<test id="s1-t2" name="TC1002 การเข้าสู่ระบบโดยไม่กรอกชื่อ" line="53">
<kw name="Open Browser" owner="SeleniumLibrary">
<msg time="2024-10-09T10:29:18.903931" level="INFO">Opening browser 'chrome' to base url 'https://dicedreams-font-end.vercel.app'.</msg>
<arg>${URL}</arg>
<arg>${Browser}</arg>
<doc>Opens a new browser instance to the optional ``url``.</doc>
<status status="PASS" start="2024-10-09T10:29:18.901965" elapsed="7.149736"/>
</kw>
<kw name="Click Button" owner="SeleniumLibrary">
<msg time="2024-10-09T10:29:26.054240" level="INFO">Clicking button 'id=login-button'.</msg>
<arg>id=login-button</arg>
<doc>Clicks the button identified by ``locator``.</doc>
<status status="PASS" start="2024-10-09T10:29:26.053274" elapsed="1.081479"/>
</kw>
<kw name="Wait Until Element Is Visible" owner="SeleniumLibrary">
<arg>xpath=//div[@id='login-form']/div</arg>
<arg>10s</arg>
<doc>Waits until the element ``locator`` is visible.</doc>
<status status="PASS" start="2024-10-09T10:29:27.139877" elapsed="0.096018"/>
</kw>
<kw name="Click Button" owner="SeleniumLibrary">
<msg time="2024-10-09T10:29:27.236762" level="INFO">Clicking button 'id=loginPassword'.</msg>
<arg>id=loginPassword</arg>
<doc>Clicks the button identified by ``locator``.</doc>
<status status="PASS" start="2024-10-09T10:29:27.236361" elapsed="0.182453"/>
</kw>
<kw name="Input Text" owner="SeleniumLibrary">
<msg time="2024-10-09T10:29:27.439357" level="INFO">Typing text '111111' into text field 'name=loginPassword'.</msg>
<arg>name=loginPassword</arg>
<arg>111111</arg>
<doc>Types the given ``text`` into the text field identified by ``locator``.</doc>
<status status="PASS" start="2024-10-09T10:29:27.438753" elapsed="0.474903"/>
</kw>
<kw name="Click Button" owner="SeleniumLibrary">
<msg time="2024-10-09T10:29:27.915394" level="INFO">Clicking button 'id=login-submit-button'.</msg>
<arg>id=login-submit-button</arg>
<doc>Clicks the button identified by ``locator``.</doc>
<status status="PASS" start="2024-10-09T10:29:27.914569" elapsed="0.165931"/>
</kw>
<kw name="Check Title blog2">
<kw name="Page Should Contain" owner="SeleniumLibrary">
<msg time="2024-10-09T10:29:28.365873" level="INFO">Current page contains text 'กรอก E-mail หรือ Username ไม่ถูกต้อง'.</msg>
<arg>กรอก E-mail หรือ Username ไม่ถูกต้อง</arg>
<doc>Verifies that current page contains ``text``.</doc>
<status status="PASS" start="2024-10-09T10:29:28.088469" elapsed="0.284339"/>
</kw>
<kw name="Sleep" owner="BuiltIn">
<msg time="2024-10-09T10:29:29.380893" level="INFO">Slept 1 second.</msg>
<arg>1</arg>
<doc>Pauses the test executed for the given time.</doc>
<status status="PASS" start="2024-10-09T10:29:28.374940" elapsed="1.006098"/>
</kw>
<kw name="Capture Page Screenshot" owner="SeleniumLibrary">
<msg time="2024-10-09T10:29:30.750210" level="INFO" html="true">&lt;/td&gt;&lt;/tr&gt;&lt;tr&gt;&lt;td colspan="3"&gt;&lt;a href="Photo/Viwearticle/TC1002.png"&gt;&lt;img src="Photo/Viwearticle/TC1002.png" width="800px"&gt;&lt;/a&gt;</msg>
<arg>Photo/Viwearticle/TC1002.png</arg>
<doc>Takes a screenshot of the current page and embeds it into a log file.</doc>
<status status="PASS" start="2024-10-09T10:29:29.381296" elapsed="1.369122"/>
</kw>
<status status="PASS" start="2024-10-09T10:29:28.085729" elapsed="2.664948"/>
</kw>
<kw name="Close Browser" owner="SeleniumLibrary">
<doc>Closes the current browser.</doc>
<status status="PASS" start="2024-10-09T10:29:30.751338" elapsed="0.310431"/>
</kw>
<status status="PASS" start="2024-10-09T10:29:18.891750" elapsed="12.170955"/>
</test>
<test id="s1-t3" name="TC1003 การเข้าสู่ระบบโดยไม่กรอกรหัสผ่าน" line="65">
<kw name="Open Browser" owner="SeleniumLibrary">
<msg time="2024-10-09T10:29:31.071565" level="INFO">Opening browser 'chrome' to base url 'https://dicedreams-font-end.vercel.app'.</msg>
<arg>${URL}</arg>
<arg>${Browser}</arg>
<doc>Opens a new browser instance to the optional ``url``.</doc>
<status status="PASS" start="2024-10-09T10:29:31.070624" elapsed="11.405317"/>
</kw>
<kw name="Click Button" owner="SeleniumLibrary">
<msg time="2024-10-09T10:29:42.479183" level="INFO">Clicking button 'id=login-button'.</msg>
<arg>id=login-button</arg>
<doc>Clicks the button identified by ``locator``.</doc>
<status status="PASS" start="2024-10-09T10:29:42.477884" elapsed="0.304806"/>
</kw>
<kw name="Wait Until Element Is Visible" owner="SeleniumLibrary">
<arg>xpath=//div[@id='login-form']/div</arg>
<arg>10s</arg>
<doc>Waits until the element ``locator`` is visible.</doc>
<status status="PASS" start="2024-10-09T10:29:42.783680" elapsed="0.033463"/>
</kw>
<kw name="Input Text" owner="SeleniumLibrary">
<msg time="2024-10-09T10:29:42.817860" level="INFO">Typing text 'WOJA2' into text field 'name=identifier'.</msg>
<arg>name=identifier</arg>
<arg>WOJA2</arg>
<doc>Types the given ``text`` into the text field identified by ``locator``.</doc>
<status status="PASS" start="2024-10-09T10:29:42.817561" elapsed="0.519301"/>
</kw>
<kw name="Click Button" owner="SeleniumLibrary">
<msg time="2024-10-09T10:29:43.338306" level="INFO">Clicking button 'id=loginPassword'.</msg>
<arg>id=loginPassword</arg>
<doc>Clicks the button identified by ``locator``.</doc>
<status status="PASS" start="2024-10-09T10:29:43.337862" elapsed="0.108007"/>
</kw>
<kw name="Click Button" owner="SeleniumLibrary">
<msg time="2024-10-09T10:29:43.447231" level="INFO">Clicking button 'id=login-submit-button'.</msg>
<arg>id=login-submit-button</arg>
<doc>Clicks the button identified by ``locator``.</doc>
<status status="PASS" start="2024-10-09T10:29:43.446694" elapsed="0.432464"/>
</kw>
<kw name="Check Title blog3">
<kw name="Page Should Contain" owner="SeleniumLibrary">
<msg time="2024-10-09T10:29:43.999898" level="INFO">Current page contains text 'กรอก Password ไม่ถูกต้อง'.</msg>
<arg>กรอก Password ไม่ถูกต้อง</arg>
<doc>Verifies that current page contains ``text``.</doc>
<status status="PASS" start="2024-10-09T10:29:43.886206" elapsed="0.115119"/>
</kw>
<kw name="Sleep" owner="BuiltIn">
<msg time="2024-10-09T10:29:45.008753" level="INFO">Slept 1 second.</msg>
<arg>1</arg>
<doc>Pauses the test executed for the given time.</doc>
<status status="PASS" start="2024-10-09T10:29:44.002565" elapsed="1.006379"/>
</kw>
<kw name="Capture Page Screenshot" owner="SeleniumLibrary">
<msg time="2024-10-09T10:29:46.137301" level="INFO" html="true">&lt;/td&gt;&lt;/tr&gt;&lt;tr&gt;&lt;td colspan="3"&gt;&lt;a href="Photo/Viwearticle/TC1003.png"&gt;&lt;img src="Photo/Viwearticle/TC1003.png" width="800px"&gt;&lt;/a&gt;</msg>
<arg>Photo/Viwearticle/TC1003.png</arg>
<doc>Takes a screenshot of the current page and embeds it into a log file.</doc>
<status status="PASS" start="2024-10-09T10:29:45.009202" elapsed="1.128223"/>
</kw>
<status status="PASS" start="2024-10-09T10:29:43.880595" elapsed="2.256960"/>
</kw>
<kw name="Close Browser" owner="SeleniumLibrary">
<doc>Closes the current browser.</doc>
<status status="PASS" start="2024-10-09T10:29:46.137921" elapsed="0.160015"/>
</kw>
<status status="PASS" start="2024-10-09T10:29:31.064607" elapsed="15.234077"/>
</test>
<test id="s1-t4" name="TC1004 การเข้าสู่ระบบโดยไม่กรอกอะไรเลย" line="77">
<kw name="Open Browser" owner="SeleniumLibrary">
<msg time="2024-10-09T10:29:46.306075" level="INFO">Opening browser 'chrome' to base url 'https://dicedreams-font-end.vercel.app'.</msg>
<arg>${URL}</arg>
<arg>${Browser}</arg>
<doc>Opens a new browser instance to the optional ``url``.</doc>
<status status="PASS" start="2024-10-09T10:29:46.305223" elapsed="3.388234"/>
</kw>
<kw name="Click Button" owner="SeleniumLibrary">
<msg time="2024-10-09T10:29:49.695172" level="INFO">Clicking button 'id=login-button'.</msg>
<arg>id=login-button</arg>
<doc>Clicks the button identified by ``locator``.</doc>
<status status="PASS" start="2024-10-09T10:29:49.694426" elapsed="0.439918"/>
</kw>
<kw name="Wait Until Element Is Visible" owner="SeleniumLibrary">
<arg>xpath=//div[@id='login-form']/div</arg>
<arg>10s</arg>
<doc>Waits until the element ``locator`` is visible.</doc>
<status status="PASS" start="2024-10-09T10:29:50.134841" elapsed="0.062891"/>
</kw>
<kw name="Click Button" owner="SeleniumLibrary">
<msg time="2024-10-09T10:29:50.198356" level="INFO">Clicking button 'id=loginPassword'.</msg>
<arg>id=loginPassword</arg>
<doc>Clicks the button identified by ``locator``.</doc>
<status status="PASS" start="2024-10-09T10:29:50.198104" elapsed="0.145272"/>
</kw>
<kw name="Click Button" owner="SeleniumLibrary">
<msg time="2024-10-09T10:29:50.345666" level="INFO">Clicking button 'id=login-submit-button'.</msg>
<arg>id=login-submit-button</arg>
<doc>Clicks the button identified by ``locator``.</doc>
<status status="PASS" start="2024-10-09T10:29:50.345244" elapsed="0.393195"/>
</kw>
<kw name="Check Title blog4">
<kw name="Page Should Contain" owner="SeleniumLibrary">
<msg time="2024-10-09T10:29:50.928454" level="INFO">Current page contains text 'กรอก E-mail หรือ Username ไม่ถูกต้อง'.</msg>
<arg>กรอก E-mail หรือ Username ไม่ถูกต้อง</arg>
<doc>Verifies that current page contains ``text``.</doc>
<status status="PASS" start="2024-10-09T10:29:50.743100" elapsed="0.185580"/>
</kw>
<kw name="Sleep" owner="BuiltIn">
<msg time="2024-10-09T10:29:51.934399" level="INFO">Slept 1 second.</msg>
<arg>1</arg>
<doc>Pauses the test executed for the given time.</doc>
<status status="PASS" start="2024-10-09T10:29:50.930198" elapsed="1.004399"/>
</kw>
<kw name="Capture Page Screenshot" owner="SeleniumLibrary">
<msg time="2024-10-09T10:29:53.013282" level="INFO" html="true">&lt;/td&gt;&lt;/tr&gt;&lt;tr&gt;&lt;td colspan="3"&gt;&lt;a href="Photo/Viwearticle/TC1004.png"&gt;&lt;img src="Photo/Viwearticle/TC1004.png" width="800px"&gt;&lt;/a&gt;</msg>
<arg>Photo/Viwearticle/TC1004.png</arg>
<doc>Takes a screenshot of the current page and embeds it into a log file.</doc>
<status status="PASS" start="2024-10-09T10:29:51.934947" elapsed="1.078563"/>
</kw>
<status status="PASS" start="2024-10-09T10:29:50.741783" elapsed="2.271940"/>
</kw>
<kw name="Close Browser" owner="SeleniumLibrary">
<doc>Closes the current browser.</doc>
<status status="PASS" start="2024-10-09T10:29:53.014601" elapsed="0.172057"/>
</kw>
<status status="PASS" start="2024-10-09T10:29:46.299743" elapsed="6.887486"/>
</test>
<test id="s1-t5" name="TC1005 การเข้าสู่ระบบโดยกรอกรหัสผิด" line="89">
<kw name="Open Browser" owner="SeleniumLibrary">
<msg time="2024-10-09T10:29:53.191204" level="INFO">Opening browser 'chrome' to base url 'https://dicedreams-font-end.vercel.app'.</msg>
<arg>${URL}</arg>
<arg>${Browser}</arg>
<doc>Opens a new browser instance to the optional ``url``.</doc>
<status status="PASS" start="2024-10-09T10:29:53.190817" elapsed="9.703291"/>
</kw>
<kw name="Click Button" owner="SeleniumLibrary">
<msg time="2024-10-09T10:30:02.895873" level="INFO">Clicking button 'id=login-button'.</msg>
<arg>id=login-button</arg>
<doc>Clicks the button identified by ``locator``.</doc>
<status status="PASS" start="2024-10-09T10:30:02.895183" elapsed="0.810450"/>
</kw>
<kw name="Wait Until Element Is Visible" owner="SeleniumLibrary">
<arg>xpath=//div[@id='login-form']/div</arg>
<arg>10s</arg>
<doc>Waits until the element ``locator`` is visible.</doc>
<status status="PASS" start="2024-10-09T10:30:03.706410" elapsed="0.063715"/>
</kw>
<kw name="Input Text" owner="SeleniumLibrary">
<msg time="2024-10-09T10:30:03.771137" level="INFO">Typing text 'WOJA2' into text field 'name=identifier'.</msg>
<arg>name=identifier</arg>
<arg>WOJA2</arg>
<doc>Types the given ``text`` into the text field identified by ``locator``.</doc>
<status status="PASS" start="2024-10-09T10:30:03.770708" elapsed="0.697328"/>
</kw>
<kw name="Click Button" owner="SeleniumLibrary">
<msg time="2024-10-09T10:30:04.468857" level="INFO">Clicking button 'id=loginPassword'.</msg>
<arg>id=loginPassword</arg>
<doc>Clicks the button identified by ``locator``.</doc>
<status status="PASS" start="2024-10-09T10:30:04.468522" elapsed="0.191708"/>
</kw>
<kw name="Input Text" owner="SeleniumLibrary">
<msg time="2024-10-09T10:30:04.672898" level="INFO">Typing text '45643265657' into text field 'name=loginPassword'.</msg>
<arg>name=loginPassword</arg>
<arg>45643265657</arg>
<doc>Types the given ``text`` into the text field identified by ``locator``.</doc>
<status status="PASS" start="2024-10-09T10:30:04.671949" elapsed="0.334209"/>
</kw>
<kw name="Click Button" owner="SeleniumLibrary">
<msg time="2024-10-09T10:30:05.007333" level="INFO">Clicking button 'id=login-submit-button'.</msg>
<arg>id=login-submit-button</arg>
<doc>Clicks the button identified by ``locator``.</doc>
<status status="PASS" start="2024-10-09T10:30:05.006908" elapsed="0.104041"/>
</kw>
<kw name="Sleep" owner="BuiltIn">
<msg time="2024-10-09T10:30:06.115346" level="INFO">Slept 1 second.</msg>
<arg>${Delay}</arg>
<doc>Pauses the test executed for the given time.</doc>
<status status="PASS" start="2024-10-09T10:30:05.111609" elapsed="1.003937"/>
</kw>
<kw name="Check Title blog5">
<kw name="Page Should Contain" owner="SeleniumLibrary">
<msg time="2024-10-09T10:30:06.137277" level="INFO">Current page contains text 'Incorrect Password !'.</msg>
<arg>Incorrect Password !</arg>
<doc>Verifies that current page contains ``text``.</doc>
<status status="PASS" start="2024-10-09T10:30:06.119598" elapsed="0.017913"/>
</kw>
<kw name="Sleep" owner="BuiltIn">
<msg time="2024-10-09T10:30:07.138141" level="INFO">Slept 1 second.</msg>
<arg>1</arg>
<doc>Pauses the test executed for the given time.</doc>
<status status="PASS" start="2024-10-09T10:30:06.137769" elapsed="1.000895"/>
</kw>
<kw name="Capture Page Screenshot" owner="SeleniumLibrary">
<msg time="2024-10-09T10:30:08.376102" level="INFO" html="true">&lt;/td&gt;&lt;/tr&gt;&lt;tr&gt;&lt;td colspan="3"&gt;&lt;a href="Photo/Viwearticle/TC1005.png"&gt;&lt;img src="Photo/Viwearticle/TC1005.png" width="800px"&gt;&lt;/a&gt;</msg>
<arg>Photo/Viwearticle/TC1005.png</arg>
<doc>Takes a screenshot of the current page and embeds it into a log file.</doc>
<status status="PASS" start="2024-10-09T10:30:07.140134" elapsed="1.236128"/>
</kw>
<status status="PASS" start="2024-10-09T10:30:06.118073" elapsed="2.258352"/>
</kw>
<kw name="Close Browser" owner="SeleniumLibrary">
<doc>Closes the current browser.</doc>
<status status="PASS" start="2024-10-09T10:30:08.376897" elapsed="0.184103"/>
</kw>
<status status="PASS" start="2024-10-09T10:29:53.188973" elapsed="15.374395"/>
</test>
<test id="s1-t6" name="TC1006 การเข้าสู่ระบบโดยกรอกชื่อผิด" line="101">
<kw name="Open Browser" owner="SeleniumLibrary">
<msg time="2024-10-09T10:30:08.571724" level="INFO">Opening browser 'chrome' to base url 'https://dicedreams-font-end.vercel.app'.</msg>
<arg>${URL}</arg>
<arg>${Browser}</arg>
<doc>Opens a new browser instance to the optional ``url``.</doc>
<status status="PASS" start="2024-10-09T10:30:08.569992" elapsed="3.074431"/>
</kw>
<kw name="Click Button" owner="SeleniumLibrary">
<msg time="2024-10-09T10:30:11.645783" level="INFO">Clicking button 'id=login-button'.</msg>
<arg>id=login-button</arg>
<doc>Clicks the button identified by ``locator``.</doc>
<status status="PASS" start="2024-10-09T10:30:11.645278" elapsed="0.249723"/>
</kw>
<kw name="Wait Until Element Is Visible" owner="SeleniumLibrary">
<arg>xpath=//div[@id='login-form']/div</arg>
<arg>10s</arg>
<doc>Waits until the element ``locator`` is visible.</doc>
<status status="PASS" start="2024-10-09T10:30:11.895476" elapsed="0.057277"/>
</kw>
<kw name="Input Text" owner="SeleniumLibrary">
<msg time="2024-10-09T10:30:11.953539" level="INFO">Typing text 'WOJA2frtdreesz' into text field 'name=identifier'.</msg>
<arg>name=identifier</arg>
<arg>WOJA2frtdreesz</arg>
<doc>Types the given ``text`` into the text field identified by ``locator``.</doc>
<status status="PASS" start="2024-10-09T10:30:11.953227" elapsed="0.581842"/>
</kw>
<kw name="Click Button" owner="SeleniumLibrary">
<msg time="2024-10-09T10:30:12.536070" level="INFO">Clicking button 'id=loginPassword'.</msg>
<arg>id=loginPassword</arg>
<doc>Clicks the button identified by ``locator``.</doc>
<status status="PASS" start="2024-10-09T10:30:12.535698" elapsed="0.088597"/>
</kw>
<kw name="Input Text" owner="SeleniumLibrary">
<msg time="2024-10-09T10:30:12.625021" level="INFO">Typing text '111111' into text field 'name=loginPassword'.</msg>
<arg>name=loginPassword</arg>
<arg>111111</arg>
<doc>Types the given ``text`` into the text field identified by ``locator``.</doc>
<status status="PASS" start="2024-10-09T10:30:12.624687" elapsed="0.342399"/>
</kw>
<kw name="Click Button" owner="SeleniumLibrary">
<msg time="2024-10-09T10:30:12.972342" level="INFO">Clicking button 'id=login-submit-button'.</msg>
<arg>id=login-submit-button</arg>
<doc>Clicks the button identified by ``locator``.</doc>
<status status="PASS" start="2024-10-09T10:30:12.971271" elapsed="0.116209"/>
</kw>
<kw name="Sleep" owner="BuiltIn">
<msg time="2024-10-09T10:30:14.089284" level="INFO">Slept 1 second.</msg>
<arg>${Delay}</arg>
<doc>Pauses the test executed for the given time.</doc>
<status status="PASS" start="2024-10-09T10:30:13.088568" elapsed="1.000921"/>
</kw>
<kw name="Check Title blog6">
<kw name="Page Should Contain" owner="SeleniumLibrary">
<msg time="2024-10-09T10:30:14.110289" level="INFO">Current page contains text 'User Not Exist'.</msg>
<arg>User Not Exist</arg>
<doc>Verifies that current page contains ``text``.</doc>
<status status="PASS" start="2024-10-09T10:30:14.091236" elapsed="0.019175"/>
</kw>
<kw name="Sleep" owner="BuiltIn">
<msg time="2024-10-09T10:30:15.110967" level="INFO">Slept 1 second.</msg>
<arg>1</arg>
<doc>Pauses the test executed for the given time.</doc>
<status status="PASS" start="2024-10-09T10:30:14.110652" elapsed="1.000531"/>
</kw>
<kw name="Capture Page Screenshot" owner="SeleniumLibrary">
<msg time="2024-10-09T10:30:16.255972" level="INFO" html="true">&lt;/td&gt;&lt;/tr&gt;&lt;tr&gt;&lt;td colspan="3"&gt;&lt;a href="Photo/Viwearticle/TC1006.png"&gt;&lt;img src="Photo/Viwearticle/TC1006.png" width="800px"&gt;&lt;/a&gt;</msg>
<arg>Photo/Viwearticle/TC1006.png</arg>
<doc>Takes a screenshot of the current page and embeds it into a log file.</doc>
<status status="PASS" start="2024-10-09T10:30:15.111510" elapsed="1.144589"/>
</kw>
<status status="PASS" start="2024-10-09T10:30:14.090422" elapsed="2.165812"/>
</kw>
<kw name="Close Browser" owner="SeleniumLibrary">
<doc>Closes the current browser.</doc>
<status status="PASS" start="2024-10-09T10:30:16.256548" elapsed="0.162082"/>
</kw>
<status status="PASS" start="2024-10-09T10:30:08.566238" elapsed="7.853279"/>
</test>
<status status="PASS" start="2024-10-09T10:28:43.027543" elapsed="93.396886"/>
</suite>
<statistics>
<total>
<stat pass="6" fail="0" skip="0">All Tests</stat>
</total>
<tag>
</tag>
<suite>
<stat pass="6" fail="0" skip="0" id="s1" name="Login">Login</stat>
</suite>
</statistics>
<errors>
</errors>
</robot>
