<?xml version="1.0" encoding="UTF-8"?>
<robot generator="Robot 7.0 (Python 3.12.4 on darwin)" generated="2024-09-29T01:51:47.903707" rpa="false" schemaversion="5">
<suite id="s1" name="Register" source="/Users/macbook/Desktop/TestDDream/Dicedreams-Fullstack/test/Register.robot">
<test id="s1-t1" name="TC2001การสมัครสมาชิก" line="60">
<kw name="Open Browser" owner="SeleniumLibrary">
<msg time="2024-09-29T01:51:48.251517" level="INFO">Opening browser 'chrome' to base url 'https://dicedreams-font-end.vercel.app/'.</msg>
<arg>${URL}</arg>
<arg>${Browser}</arg>
<doc>Opens a new browser instance to the optional ``url``.</doc>
<status status="PASS" start="2024-09-29T01:51:48.251129" elapsed="12.642345"/>
</kw>
<kw name="Click Button" owner="SeleniumLibrary">
<msg time="2024-09-29T01:52:00.899157" level="INFO">Clicking button 'id=register-button'.</msg>
<arg>id=register-button</arg>
<doc>Clicks the button identified by ``locator``.</doc>
<status status="PASS" start="2024-09-29T01:52:00.897197" elapsed="1.694701"/>
</kw>
<kw name="Click Button" owner="SeleniumLibrary">
<msg time="2024-09-29T01:52:02.592722" level="INFO">Clicking button 'id=first_name'.</msg>
<arg>id=first_name</arg>
<doc>Clicks the button identified by ``locator``.</doc>
<status status="PASS" start="2024-09-29T01:52:02.592347" elapsed="0.313109"/>
</kw>
<kw name="Input Text" owner="SeleniumLibrary">
<msg time="2024-09-29T01:52:02.908446" level="INFO">Typing text 'nattavut2' into text field 'name=first_name'.</msg>
<arg>name=first_name</arg>
<arg>nattavut2</arg>
<doc>Types the given ``text`` into the text field identified by ``locator``.</doc>
<status status="PASS" start="2024-09-29T01:52:02.907799" elapsed="0.733939"/>
</kw>
<kw name="Wait Until Element Is Visible" owner="SeleniumLibrary">
<arg>id=last_name-label</arg>
<doc>Waits until the element ``locator`` is visible.</doc>
<status status="PASS" start="2024-09-29T01:52:03.642565" elapsed="0.047922"/>
</kw>
<kw name="Input Text" owner="SeleniumLibrary">
<msg time="2024-09-29T01:52:03.691103" level="INFO">Typing text 'keawmaha2' into text field 'name=last_name'.</msg>
<arg>name=last_name</arg>
<arg>keawmaha2</arg>
<doc>Types the given ``text`` into the text field identified by ``locator``.</doc>
<status status="PASS" start="2024-09-29T01:52:03.690787" elapsed="0.612752"/>
</kw>
<kw name="Wait Until Element Is Visible" owner="SeleniumLibrary">
<arg>id=username-label</arg>
<doc>Waits until the element ``locator`` is visible.</doc>
<status status="PASS" start="2024-09-29T01:52:04.306583" elapsed="0.054294"/>
</kw>
<kw name="Input Text" owner="SeleniumLibrary">
<msg time="2024-09-29T01:52:04.362069" level="INFO">Typing text 'nattNa1' into text field 'id=username'.</msg>
<arg>id=username</arg>
<arg>nattNa1</arg>
<doc>Types the given ``text`` into the text field identified by ``locator``.</doc>
<status status="PASS" start="2024-09-29T01:52:04.361573" elapsed="0.613222"/>
</kw>
<kw name="Wait Until Element Is Visible" owner="SeleniumLibrary">
<arg>id=phone_number-label</arg>
<doc>Waits until the element ``locator`` is visible.</doc>
<status status="PASS" start="2024-09-29T01:52:04.975396" elapsed="0.092128"/>
</kw>
<kw name="Input Text" owner="SeleniumLibrary">
<msg time="2024-09-29T01:52:05.068309" level="INFO">Typing text '0891234568' into text field 'id=phone_number'.</msg>
<arg>id=phone_number</arg>
<arg>0891234568</arg>
<doc>Types the given ``text`` into the text field identified by ``locator``.</doc>
<status status="PASS" start="2024-09-29T01:52:05.068033" elapsed="0.577534"/>
</kw>
<kw name="Wait Until Element Is Visible" owner="SeleniumLibrary">
<arg>xpath=//label[@id='email-label']/span</arg>
<doc>Waits until the element ``locator`` is visible.</doc>
<status status="PASS" start="2024-09-29T01:52:05.647611" elapsed="0.058896"/>
</kw>
<kw name="Input Text" owner="SeleniumLibrary">
<msg time="2024-09-29T01:52:05.707136" level="INFO">Typing text 'natt1@gmail.com' into text field 'name=email'.</msg>
<arg>name=email</arg>
<arg>natt1@gmail.com</arg>
<doc>Types the given ``text`` into the text field identified by ``locator``.</doc>
<status status="PASS" start="2024-09-29T01:52:05.706858" elapsed="0.616006"/>
</kw>
<kw name="Wait Until Element Is Visible" owner="SeleniumLibrary">
<arg>id=password-label</arg>
<doc>Waits until the element ``locator`` is visible.</doc>
<status status="PASS" start="2024-09-29T01:52:06.323849" elapsed="0.054573"/>
</kw>
<kw name="Input Text" owner="SeleniumLibrary">
<msg time="2024-09-29T01:52:06.379357" level="INFO">Typing text '23456789l1' into text field 'id=password'.</msg>
<arg>id=password</arg>
<arg>23456789l1</arg>
<doc>Types the given ``text`` into the text field identified by ``locator``.</doc>
<status status="PASS" start="2024-09-29T01:52:06.378963" elapsed="0.665226"/>
</kw>
<kw name="Wait Until Element Is Visible" owner="SeleniumLibrary">
<arg>xpath=//input[@placeholder='MM/DD/YYYY' and @type='text']</arg>
<arg>timeout=10s</arg>
<doc>Waits until the element ``locator`` is visible.</doc>
<status status="PASS" start="2024-09-29T01:52:07.046337" elapsed="0.059966"/>
</kw>
<kw name="Click Element" owner="SeleniumLibrary">
<msg time="2024-09-29T01:52:07.106954" level="INFO">Clicking element 'css=#register-form &gt; div:nth-child(6) &gt; div &gt; div &gt; button'.</msg>
<arg>css=#register-form &gt; div:nth-child(6) &gt; div &gt; div &gt; button</arg>
<doc>Click the element identified by ``locator``.</doc>
<status status="PASS" start="2024-09-29T01:52:07.106664" elapsed="0.276505"/>
</kw>
<kw name="Wait Until Element Is Visible" owner="SeleniumLibrary">
<arg>xpath=/html/body/div[2]/div[2]/div/div/div/div[1]/div[1]/button</arg>
<arg>20s</arg>
<doc>Waits until the element ``locator`` is visible.</doc>
<status status="PASS" start="2024-09-29T01:52:07.385640" elapsed="0.425814"/>
</kw>
<kw name="Click Button" owner="SeleniumLibrary">
<msg time="2024-09-29T01:52:07.813040" level="INFO">Clicking button 'xpath=/html/body/div[2]/div[2]/div/div/div/div[1]/div[1]/button'.</msg>
<arg>xpath=/html/body/div[2]/div[2]/div/div/div/div[1]/div[1]/button</arg>
<doc>Clicks the button identified by ``locator``.</doc>
<status status="PASS" start="2024-09-29T01:52:07.812587" elapsed="0.347880"/>
</kw>
<kw name="Wait Until Element Is Visible" owner="SeleniumLibrary">
<arg>xpath=/html/body/div[2]/div[2]/div/div/div/div[2]/div/div/div[103]/button</arg>
<arg>timeout=30s</arg>
<doc>Waits until the element ``locator`` is visible.</doc>
<status status="PASS" start="2024-09-29T01:52:08.161082" elapsed="0.312019"/>
</kw>
<kw name="Click Element" owner="SeleniumLibrary">
<msg time="2024-09-29T01:52:08.483399" level="INFO">Clicking element 'xpath=/html/body/div[2]/div[2]/div/div/div/div[2]/div/div/div[103]/button'.</msg>
<arg>xpath=/html/body/div[2]/div[2]/div/div/div/div[2]/div/div/div[103]/button</arg>
<doc>Click the element identified by ``locator``.</doc>
<status status="PASS" start="2024-09-29T01:52:08.480656" elapsed="1.036437"/>
</kw>
<kw name="Click Element" owner="SeleniumLibrary">
<msg time="2024-09-29T01:52:09.520940" level="INFO">Clicking element 'xpath=/html/body/div[2]/div[2]/div/div/div/div[2]/div/div/div[2]/div/div[3]/button[5]'.</msg>
<arg>xpath=/html/body/div[2]/div[2]/div/div/div/div[2]/div/div/div[2]/div/div[3]/button[5]</arg>
<doc>Click the element identified by ``locator``.</doc>
<status status="PASS" start="2024-09-29T01:52:09.519218" elapsed="0.513034"/>
</kw>
<kw name="Click Element" owner="SeleniumLibrary">
<msg time="2024-09-29T01:52:10.063897" level="INFO">Clicking element 'xpath=//input[@name='gender' and @value='other']'.</msg>
<arg>xpath=//input[@name='gender' and @value='other']</arg>
<doc>Click the element identified by ``locator``.</doc>
<status status="PASS" start="2024-09-29T01:52:10.038145" elapsed="0.548032"/>
</kw>
<kw name="Click Element" owner="SeleniumLibrary">
<msg time="2024-09-29T01:52:10.587471" level="INFO">Clicking element 'xpath=//button[contains(text(),'Register')]'.</msg>
<arg>xpath=//button[contains(text(),'Register')]</arg>
<doc>Click the element identified by ``locator``.</doc>
<status status="PASS" start="2024-09-29T01:52:10.587101" elapsed="0.728625"/>
</kw>
<kw name="Sleep" owner="BuiltIn">
<msg time="2024-09-29T01:52:12.319102" level="INFO">Slept 1 second.</msg>
<arg>${Delay}</arg>
<doc>Pauses the test executed for the given time.</doc>
<status status="PASS" start="2024-09-29T01:52:11.317397" elapsed="1.001886"/>
</kw>
<kw name=" Check Title blog register">
<kw name="Wait Until Page Contains" owner="SeleniumLibrary">
<msg time="2024-09-29T01:52:23.309582" level="INFO" html="true">&lt;/td&gt;&lt;/tr&gt;&lt;tr&gt;&lt;td colspan="3"&gt;&lt;a href="selenium-screenshot-23.png"&gt;&lt;img src="selenium-screenshot-23.png" width="800px"&gt;&lt;/a&gt;</msg>
<msg time="2024-09-29T01:52:23.310343" level="FAIL">Text 'ลงทะเบียนสำเร็จ' did not appear in 10 seconds.</msg>
<arg>ลงทะเบียนสำเร็จ</arg>
<arg>10s</arg>
<doc>Waits until ``text`` appears on the current page.</doc>
<status status="FAIL" start="2024-09-29T01:52:12.321113" elapsed="11.004260">Text 'ลงทะเบียนสำเร็จ' did not appear in 10 seconds.</status>
</kw>
<kw name="Sleep" owner="BuiltIn">
<arg>1</arg>
<doc>Pauses the test executed for the given time.</doc>
<status status="NOT RUN" start="2024-09-29T01:52:23.325692" elapsed="0.000055"/>
</kw>
<kw name="Capture Page Screenshot" owner="SeleniumLibrary">
<arg>Photo/Viwearticle/TC2001.png</arg>
<doc>Takes a screenshot of the current page and embeds it into a log file.</doc>
<status status="NOT RUN" start="2024-09-29T01:52:23.325976" elapsed="0.000043"/>
</kw>
<status status="FAIL" start="2024-09-29T01:52:12.320255" elapsed="11.006135">Text 'ลงทะเบียนสำเร็จ' did not appear in 10 seconds.</status>
</kw>
<kw name="Sleep" owner="BuiltIn">
<arg>${Delay}</arg>
<doc>Pauses the test executed for the given time.</doc>
<status status="NOT RUN" start="2024-09-29T01:52:23.326709" elapsed="0.000061"/>
</kw>
<kw name="Close Browser" owner="SeleniumLibrary">
<doc>Closes the current browser.</doc>
<status status="NOT RUN" start="2024-09-29T01:52:23.327163" elapsed="0.000065"/>
</kw>
<status status="FAIL" start="2024-09-29T01:51:48.249435" elapsed="35.078334">Text 'ลงทะเบียนสำเร็จ' did not appear in 10 seconds.</status>
</test>
<test id="s1-t2" name="TC2002การสมัครสมาชิกไม่กรอกชื่อ" line="95">
<kw name="Open Browser" owner="SeleniumLibrary">
<msg time="2024-09-29T01:52:23.331437" level="INFO">Opening browser 'chrome' to base url 'https://dicedreams-font-end.vercel.app/'.</msg>
<arg>${URL}</arg>
<arg>${Browser}</arg>
<doc>Opens a new browser instance to the optional ``url``.</doc>
<status status="PASS" start="2024-09-29T01:52:23.330974" elapsed="12.824372"/>
</kw>
<kw name="Click Button" owner="SeleniumLibrary">
<msg time="2024-09-29T01:52:36.178641" level="INFO">Clicking button 'id=register-button'.</msg>
<arg>id=register-button</arg>
<doc>Clicks the button identified by ``locator``.</doc>
<status status="PASS" start="2024-09-29T01:52:36.161136" elapsed="0.570069"/>
</kw>
<kw name="Click Button" owner="SeleniumLibrary">
<msg time="2024-09-29T01:52:36.732434" level="INFO">Clicking button 'id=first_name'.</msg>
<arg>id=first_name</arg>
<doc>Clicks the button identified by ``locator``.</doc>
<status status="PASS" start="2024-09-29T01:52:36.732112" elapsed="0.373545"/>
</kw>
<kw name="Wait Until Element Is Visible" owner="SeleniumLibrary">
<arg>id=last_name-label</arg>
<doc>Waits until the element ``locator`` is visible.</doc>
<status status="PASS" start="2024-09-29T01:52:37.106645" elapsed="0.141277"/>
</kw>
<kw name="Input Text" owner="SeleniumLibrary">
<msg time="2024-09-29T01:52:37.252365" level="INFO">Typing text 'keawmaha2' into text field 'name=last_name'.</msg>
<arg>name=last_name</arg>
<arg>keawmaha2</arg>
<doc>Types the given ``text`` into the text field identified by ``locator``.</doc>
<status status="PASS" start="2024-09-29T01:52:37.248670" elapsed="0.929752"/>
</kw>
<kw name="Wait Until Element Is Visible" owner="SeleniumLibrary">
<arg>id=username-label</arg>
<doc>Waits until the element ``locator`` is visible.</doc>
<status status="PASS" start="2024-09-29T01:52:38.179227" elapsed="0.055606"/>
</kw>
<kw name="Input Text" owner="SeleniumLibrary">
<msg time="2024-09-29T01:52:38.235492" level="INFO">Typing text 'nattNa1' into text field 'id=username'.</msg>
<arg>id=username</arg>
<arg>nattNa1</arg>
<doc>Types the given ``text`` into the text field identified by ``locator``.</doc>
<status status="PASS" start="2024-09-29T01:52:38.235165" elapsed="0.611695"/>
</kw>
<kw name="Wait Until Element Is Visible" owner="SeleniumLibrary">
<arg>id=phone_number-label</arg>
<doc>Waits until the element ``locator`` is visible.</doc>
<status status="PASS" start="2024-09-29T01:52:38.848126" elapsed="0.056107"/>
</kw>
<kw name="Input Text" owner="SeleniumLibrary">
<msg time="2024-09-29T01:52:38.905443" level="INFO">Typing text '0891234568' into text field 'id=phone_number'.</msg>
<arg>id=phone_number</arg>
<arg>0891234568</arg>
<doc>Types the given ``text`` into the text field identified by ``locator``.</doc>
<status status="PASS" start="2024-09-29T01:52:38.904729" elapsed="0.622322"/>
</kw>
<kw name="Wait Until Element Is Visible" owner="SeleniumLibrary">
<arg>xpath=//label[@id='email-label']/span</arg>
<doc>Waits until the element ``locator`` is visible.</doc>
<status status="PASS" start="2024-09-29T01:52:39.528636" elapsed="0.059064"/>
</kw>
<kw name="Input Text" owner="SeleniumLibrary">
<msg time="2024-09-29T01:52:39.588472" level="INFO">Typing text 'natt1@gmail.com' into text field 'name=email'.</msg>
<arg>name=email</arg>
<arg>natt1@gmail.com</arg>
<doc>Types the given ``text`` into the text field identified by ``locator``.</doc>
<status status="PASS" start="2024-09-29T01:52:39.588190" elapsed="0.653703"/>
</kw>
<kw name="Wait Until Element Is Visible" owner="SeleniumLibrary">
<arg>id=password-label</arg>
<doc>Waits until the element ``locator`` is visible.</doc>
<status status="PASS" start="2024-09-29T01:52:40.242578" elapsed="0.061622"/>
</kw>
<kw name="Input Text" owner="SeleniumLibrary">
<msg time="2024-09-29T01:52:40.305152" level="INFO">Typing text '23456789l1' into text field 'id=password'.</msg>
<arg>id=password</arg>
<arg>23456789l1</arg>
<doc>Types the given ``text`` into the text field identified by ``locator``.</doc>
<status status="PASS" start="2024-09-29T01:52:40.304880" elapsed="0.639279"/>
</kw>
<kw name="Wait Until Element Is Visible" owner="SeleniumLibrary">
<arg>xpath=//input[@placeholder='MM/DD/YYYY' and @type='text']</arg>
<arg>timeout=10s</arg>
<doc>Waits until the element ``locator`` is visible.</doc>
<status status="PASS" start="2024-09-29T01:52:40.947075" elapsed="0.054639"/>
</kw>
<kw name="Click Element" owner="SeleniumLibrary">
<msg time="2024-09-29T01:52:41.002504" level="INFO">Clicking element 'css=#register-form &gt; div:nth-child(6) &gt; div &gt; div &gt; button'.</msg>
<arg>css=#register-form &gt; div:nth-child(6) &gt; div &gt; div &gt; button</arg>
<doc>Click the element identified by ``locator``.</doc>
<status status="PASS" start="2024-09-29T01:52:41.002159" elapsed="0.312016"/>
</kw>
<kw name="Wait Until Element Is Visible" owner="SeleniumLibrary">
<arg>xpath=/html/body/div[2]/div[2]/div/div/div/div[1]/div[1]/button</arg>
<arg>20s</arg>
<doc>Waits until the element ``locator`` is visible.</doc>
<status status="PASS" start="2024-09-29T01:52:41.317065" elapsed="0.765542"/>
</kw>
<kw name="Click Button" owner="SeleniumLibrary">
<msg time="2024-09-29T01:52:42.083147" level="INFO">Clicking button 'xpath=/html/body/div[2]/div[2]/div/div/div/div[1]/div[1]/button'.</msg>
<arg>xpath=/html/body/div[2]/div[2]/div/div/div/div[1]/div[1]/button</arg>
<doc>Clicks the button identified by ``locator``.</doc>
<status status="PASS" start="2024-09-29T01:52:42.082898" elapsed="0.671951"/>
</kw>
<kw name="Wait Until Element Is Visible" owner="SeleniumLibrary">
<arg>xpath=/html/body/div[2]/div[2]/div/div/div/div[2]/div/div/div[103]/button</arg>
<arg>timeout=30s</arg>
<doc>Waits until the element ``locator`` is visible.</doc>
<status status="PASS" start="2024-09-29T01:52:42.759720" elapsed="0.298090"/>
</kw>
<kw name="Click Element" owner="SeleniumLibrary">
<msg time="2024-09-29T01:52:43.062793" level="INFO">Clicking element 'xpath=/html/body/div[2]/div[2]/div/div/div/div[2]/div/div/div[103]/button'.</msg>
<arg>xpath=/html/body/div[2]/div[2]/div/div/div/div[2]/div/div/div[103]/button</arg>
<doc>Click the element identified by ``locator``.</doc>
<status status="PASS" start="2024-09-29T01:52:43.060477" elapsed="0.511863"/>
</kw>
<kw name="Click Element" owner="SeleniumLibrary">
<msg time="2024-09-29T01:52:43.575293" level="INFO">Clicking element 'xpath=/html/body/div[2]/div[2]/div/div/div/div[2]/div/div/div[2]/div/div[3]/button[5]'.</msg>
<arg>xpath=/html/body/div[2]/div[2]/div/div/div/div[2]/div/div/div[2]/div/div[3]/button[5]</arg>
<doc>Click the element identified by ``locator``.</doc>
<status status="PASS" start="2024-09-29T01:52:43.574015" elapsed="0.527050"/>
</kw>
<kw name="Click Element" owner="SeleniumLibrary">
<msg time="2024-09-29T01:52:44.129045" level="INFO">Clicking element 'xpath=//input[@name='gender' and @value='other']'.</msg>
<arg>xpath=//input[@name='gender' and @value='other']</arg>
<doc>Click the element identified by ``locator``.</doc>
<status status="PASS" start="2024-09-29T01:52:44.105468" elapsed="0.312668"/>
</kw>
<kw name="Click Element" owner="SeleniumLibrary">
<msg time="2024-09-29T01:52:44.421739" level="INFO">Clicking element 'xpath=//button[contains(text(),'Register')]'.</msg>
<arg>xpath=//button[contains(text(),'Register')]</arg>
<doc>Click the element identified by ``locator``.</doc>
<status status="PASS" start="2024-09-29T01:52:44.421281" elapsed="1.071806"/>
</kw>
<kw name="Sleep" owner="BuiltIn">
<msg time="2024-09-29T01:52:46.498089" level="INFO">Slept 1 second.</msg>
<arg>${Delay}</arg>
<doc>Pauses the test executed for the given time.</doc>
<status status="PASS" start="2024-09-29T01:52:45.495627" elapsed="1.002658"/>
</kw>
<kw name=" Check Title blog register1">
<kw name="Wait Until Page Contains" owner="SeleniumLibrary">
<arg>ไม่กรอก First Name</arg>
<arg>10s</arg>
<doc>Waits until ``text`` appears on the current page.</doc>
<status status="PASS" start="2024-09-29T01:52:46.502974" elapsed="0.037214"/>
</kw>
<kw name="Sleep" owner="BuiltIn">
<msg time="2024-09-29T01:52:47.542172" level="INFO">Slept 1 second.</msg>
<arg>1</arg>
<doc>Pauses the test executed for the given time.</doc>
<status status="PASS" start="2024-09-29T01:52:46.541653" elapsed="1.000938"/>
</kw>
<kw name="Capture Page Screenshot" owner="SeleniumLibrary">
<msg time="2024-09-29T01:52:48.942087" level="INFO" html="true">&lt;/td&gt;&lt;/tr&gt;&lt;tr&gt;&lt;td colspan="3"&gt;&lt;a href="Photo/Viwearticle/TC2002.png"&gt;&lt;img src="Photo/Viwearticle/TC2002.png" width="800px"&gt;&lt;/a&gt;</msg>
<arg>Photo/Viwearticle/TC2002.png</arg>
<doc>Takes a screenshot of the current page and embeds it into a log file.</doc>
<status status="PASS" start="2024-09-29T01:52:47.543295" elapsed="1.399005"/>
</kw>
<status status="PASS" start="2024-09-29T01:52:46.500332" elapsed="2.443465"/>
</kw>
<kw name="Sleep" owner="BuiltIn">
<msg time="2024-09-29T01:52:49.944940" level="INFO">Slept 1 second.</msg>
<arg>${Delay}</arg>
<doc>Pauses the test executed for the given time.</doc>
<status status="PASS" start="2024-09-29T01:52:48.944148" elapsed="1.000961"/>
</kw>
<kw name="Close Browser" owner="SeleniumLibrary">
<doc>Closes the current browser.</doc>
<status status="PASS" start="2024-09-29T01:52:49.945739" elapsed="0.293597"/>
</kw>
<status status="PASS" start="2024-09-29T01:52:23.329013" elapsed="26.911684"/>
</test>
<test id="s1-t3" name="TC2003การสมัครสมาชิกไม่กรอกนามสกุล" line="128">
<kw name="Open Browser" owner="SeleniumLibrary">
<msg time="2024-09-29T01:52:50.277975" level="INFO">Opening browser 'chrome' to base url 'https://dicedreams-font-end.vercel.app/'.</msg>
<arg>${URL}</arg>
<arg>${Browser}</arg>
<doc>Opens a new browser instance to the optional ``url``.</doc>
<status status="PASS" start="2024-09-29T01:52:50.263079" elapsed="7.306333"/>
</kw>
<kw name="Click Button" owner="SeleniumLibrary">
<msg time="2024-09-29T01:52:57.573414" level="INFO">Clicking button 'id=register-button'.</msg>
<arg>id=register-button</arg>
<doc>Clicks the button identified by ``locator``.</doc>
<status status="PASS" start="2024-09-29T01:52:57.572503" elapsed="0.702104"/>
</kw>
<kw name="Click Button" owner="SeleniumLibrary">
<msg time="2024-09-29T01:52:58.278915" level="INFO">Clicking button 'id=first_name'.</msg>
<arg>id=first_name</arg>
<doc>Clicks the button identified by ``locator``.</doc>
<status status="PASS" start="2024-09-29T01:52:58.277649" elapsed="0.480859"/>
</kw>
<kw name="Input Text" owner="SeleniumLibrary">
<msg time="2024-09-29T01:52:58.759521" level="INFO">Typing text 'nattavut2' into text field 'name=first_name'.</msg>
<arg>name=first_name</arg>
<arg>nattavut2</arg>
<doc>Types the given ``text`` into the text field identified by ``locator``.</doc>
<status status="PASS" start="2024-09-29T01:52:58.759064" elapsed="0.978469"/>
</kw>
<kw name="Wait Until Element Is Visible" owner="SeleniumLibrary">
<arg>id=last_name-label</arg>
<doc>Waits until the element ``locator`` is visible.</doc>
<status status="PASS" start="2024-09-29T01:52:59.738369" elapsed="0.068994"/>
</kw>
<kw name="Wait Until Element Is Visible" owner="SeleniumLibrary">
<arg>id=username-label</arg>
<doc>Waits until the element ``locator`` is visible.</doc>
<status status="PASS" start="2024-09-29T01:52:59.808992" elapsed="0.047757"/>
</kw>
<kw name="Input Text" owner="SeleniumLibrary">
<msg time="2024-09-29T01:52:59.857390" level="INFO">Typing text 'nattNa1' into text field 'id=username'.</msg>
<arg>id=username</arg>
<arg>nattNa1</arg>
<doc>Types the given ``text`` into the text field identified by ``locator``.</doc>
<status status="PASS" start="2024-09-29T01:52:59.857120" elapsed="0.548677"/>
</kw>
<kw name="Wait Until Element Is Visible" owner="SeleniumLibrary">
<arg>id=phone_number-label</arg>
<doc>Waits until the element ``locator`` is visible.</doc>
<status status="PASS" start="2024-09-29T01:53:00.406916" elapsed="0.103313"/>
</kw>
<kw name="Input Text" owner="SeleniumLibrary">
<msg time="2024-09-29T01:53:00.511057" level="INFO">Typing text '0891234568' into text field 'id=phone_number'.</msg>
<arg>id=phone_number</arg>
<arg>0891234568</arg>
<doc>Types the given ``text`` into the text field identified by ``locator``.</doc>
<status status="PASS" start="2024-09-29T01:53:00.510750" elapsed="0.566935"/>
</kw>
<kw name="Wait Until Element Is Visible" owner="SeleniumLibrary">
<arg>xpath=//label[@id='email-label']/span</arg>
<doc>Waits until the element ``locator`` is visible.</doc>
<status status="PASS" start="2024-09-29T01:53:01.078410" elapsed="0.062574"/>
</kw>
<kw name="Input Text" owner="SeleniumLibrary">
<msg time="2024-09-29T01:53:01.141928" level="INFO">Typing text 'natt1@gmail.com' into text field 'name=email'.</msg>
<arg>name=email</arg>
<arg>natt1@gmail.com</arg>
<doc>Types the given ``text`` into the text field identified by ``locator``.</doc>
<status status="PASS" start="2024-09-29T01:53:01.141526" elapsed="0.656071"/>
</kw>
<kw name="Wait Until Element Is Visible" owner="SeleniumLibrary">
<arg>id=password-label</arg>
<doc>Waits until the element ``locator`` is visible.</doc>
<status status="PASS" start="2024-09-29T01:53:01.798605" elapsed="0.060761"/>
</kw>
<kw name="Input Text" owner="SeleniumLibrary">
<msg time="2024-09-29T01:53:01.860109" level="INFO">Typing text '23456789l1' into text field 'id=password'.</msg>
<arg>id=password</arg>
<arg>23456789l1</arg>
<doc>Types the given ``text`` into the text field identified by ``locator``.</doc>
<status status="PASS" start="2024-09-29T01:53:01.859784" elapsed="1.330864"/>
</kw>
<kw name="Wait Until Element Is Visible" owner="SeleniumLibrary">
<arg>xpath=//input[@placeholder='MM/DD/YYYY' and @type='text']</arg>
<arg>timeout=10s</arg>
<doc>Waits until the element ``locator`` is visible.</doc>
<status status="PASS" start="2024-09-29T01:53:03.191229" elapsed="0.061036"/>
</kw>
<kw name="Click Element" owner="SeleniumLibrary">
<msg time="2024-09-29T01:53:03.252999" level="INFO">Clicking element 'css=#register-form &gt; div:nth-child(6) &gt; div &gt; div &gt; button'.</msg>
<arg>css=#register-form &gt; div:nth-child(6) &gt; div &gt; div &gt; button</arg>
<doc>Click the element identified by ``locator``.</doc>
<status status="PASS" start="2024-09-29T01:53:03.252697" elapsed="0.392929"/>
</kw>
<kw name="Wait Until Element Is Visible" owner="SeleniumLibrary">
<arg>xpath=/html/body/div[2]/div[2]/div/div/div/div[1]/div[1]/button</arg>
<arg>20s</arg>
<doc>Waits until the element ``locator`` is visible.</doc>
<status status="PASS" start="2024-09-29T01:53:03.646176" elapsed="0.183648"/>
</kw>
<kw name="Click Button" owner="SeleniumLibrary">
<msg time="2024-09-29T01:53:03.830751" level="INFO">Clicking button 'xpath=/html/body/div[2]/div[2]/div/div/div/div[1]/div[1]/button'.</msg>
<arg>xpath=/html/body/div[2]/div[2]/div/div/div/div[1]/div[1]/button</arg>
<doc>Clicks the button identified by ``locator``.</doc>
<status status="PASS" start="2024-09-29T01:53:03.830368" elapsed="1.446765"/>
</kw>
<kw name="Wait Until Element Is Visible" owner="SeleniumLibrary">
<arg>xpath=/html/body/div[2]/div[2]/div/div/div/div[2]/div/div/div[103]/button</arg>
<arg>timeout=30s</arg>
<doc>Waits until the element ``locator`` is visible.</doc>
<status status="PASS" start="2024-09-29T01:53:05.280322" elapsed="0.415895"/>
</kw>
<kw name="Click Element" owner="SeleniumLibrary">
<msg time="2024-09-29T01:53:05.699419" level="INFO">Clicking element 'xpath=/html/body/div[2]/div[2]/div/div/div/div[2]/div/div/div[103]/button'.</msg>
<arg>xpath=/html/body/div[2]/div[2]/div/div/div/div[2]/div/div/div[103]/button</arg>
<doc>Click the element identified by ``locator``.</doc>
<status status="PASS" start="2024-09-29T01:53:05.697976" elapsed="1.009837"/>
</kw>
<kw name="Click Element" owner="SeleniumLibrary">
<msg time="2024-09-29T01:53:06.723111" level="INFO">Clicking element 'xpath=/html/body/div[2]/div[2]/div/div/div/div[2]/div/div/div[2]/div/div[3]/button[5]'.</msg>
<arg>xpath=/html/body/div[2]/div[2]/div/div/div/div[2]/div/div/div[2]/div/div[3]/button[5]</arg>
<doc>Click the element identified by ``locator``.</doc>
<status status="PASS" start="2024-09-29T01:53:06.710454" elapsed="0.401430"/>
</kw>
<kw name="Click Element" owner="SeleniumLibrary">
<msg time="2024-09-29T01:53:07.115567" level="INFO">Clicking element 'xpath=//input[@name='gender' and @value='other']'.</msg>
<arg>xpath=//input[@name='gender' and @value='other']</arg>
<doc>Click the element identified by ``locator``.</doc>
<status status="PASS" start="2024-09-29T01:53:07.113490" elapsed="0.563647"/>
</kw>
<kw name="Click Element" owner="SeleniumLibrary">
<msg time="2024-09-29T01:53:07.677916" level="INFO">Clicking element 'xpath=//button[contains(text(),'Register')]'.</msg>
<arg>xpath=//button[contains(text(),'Register')]</arg>
<doc>Click the element identified by ``locator``.</doc>
<status status="PASS" start="2024-09-29T01:53:07.677670" elapsed="0.824586"/>
</kw>
<kw name="Sleep" owner="BuiltIn">
<msg time="2024-09-29T01:53:09.507610" level="INFO">Slept 1 second.</msg>
<arg>${Delay}</arg>
<doc>Pauses the test executed for the given time.</doc>
<status status="PASS" start="2024-09-29T01:53:08.502878" elapsed="1.005215"/>
</kw>
<kw name=" Check Title blog register2">
<kw name="Wait Until Page Contains" owner="SeleniumLibrary">
<arg>ไม่กรอก Last Name</arg>
<arg>10s</arg>
<doc>Waits until ``text`` appears on the current page.</doc>
<status status="PASS" start="2024-09-29T01:53:09.582398" elapsed="0.390022"/>
</kw>
<kw name="Sleep" owner="BuiltIn">
<msg time="2024-09-29T01:53:11.050042" level="INFO">Slept 1 second.</msg>
<arg>1</arg>
<doc>Pauses the test executed for the given time.</doc>
<status status="PASS" start="2024-09-29T01:53:09.973344" elapsed="1.077537"/>
</kw>
<kw name="Capture Page Screenshot" owner="SeleniumLibrary">
<msg time="2024-09-29T01:53:12.083792" level="INFO" html="true">&lt;/td&gt;&lt;/tr&gt;&lt;tr&gt;&lt;td colspan="3"&gt;&lt;a href="Photo/Viwearticle/TC2003.png"&gt;&lt;img src="Photo/Viwearticle/TC2003.png" width="800px"&gt;&lt;/a&gt;</msg>
<arg>Photo/Viwearticle/TC2003.png</arg>
<doc>Takes a screenshot of the current page and embeds it into a log file.</doc>
<status status="PASS" start="2024-09-29T01:53:11.063545" elapsed="1.020424"/>
</kw>
<status status="PASS" start="2024-09-29T01:53:09.517703" elapsed="2.566542"/>
</kw>
<kw name="Sleep" owner="BuiltIn">
<msg time="2024-09-29T01:53:13.085396" level="INFO">Slept 1 second.</msg>
<arg>${Delay}</arg>
<doc>Pauses the test executed for the given time.</doc>
<status status="PASS" start="2024-09-29T01:53:12.084908" elapsed="1.001745"/>
</kw>
<kw name="Close Browser" owner="SeleniumLibrary">
<doc>Closes the current browser.</doc>
<status status="PASS" start="2024-09-29T01:53:13.087174" elapsed="0.237046"/>
</kw>
<status status="PASS" start="2024-09-29T01:52:50.243025" elapsed="23.081822"/>
</test>
<test id="s1-t4" name="TC2004การสมัครสมาชิกไม่กรอกUsername" line="161">
<kw name="Open Browser" owner="SeleniumLibrary">
<msg time="2024-09-29T01:53:13.329274" level="INFO">Opening browser 'chrome' to base url 'https://dicedreams-font-end.vercel.app/'.</msg>
<arg>${URL}</arg>
<arg>${Browser}</arg>
<doc>Opens a new browser instance to the optional ``url``.</doc>
<status status="PASS" start="2024-09-29T01:53:13.328495" elapsed="7.361217"/>
</kw>
<kw name="Click Button" owner="SeleniumLibrary">
<msg time="2024-09-29T01:53:20.692349" level="INFO">Clicking button 'id=register-button'.</msg>
<arg>id=register-button</arg>
<doc>Clicks the button identified by ``locator``.</doc>
<status status="PASS" start="2024-09-29T01:53:20.691069" elapsed="0.402460"/>
</kw>
<kw name="Click Button" owner="SeleniumLibrary">
<msg time="2024-09-29T01:53:21.094755" level="INFO">Clicking button 'id=first_name'.</msg>
<arg>id=first_name</arg>
<doc>Clicks the button identified by ``locator``.</doc>
<status status="PASS" start="2024-09-29T01:53:21.094003" elapsed="0.482888"/>
</kw>
<kw name="Input Text" owner="SeleniumLibrary">
<msg time="2024-09-29T01:53:21.594164" level="INFO">Typing text 'nattavut2' into text field 'name=first_name'.</msg>
<arg>name=first_name</arg>
<arg>nattavut2</arg>
<doc>Types the given ``text`` into the text field identified by ``locator``.</doc>
<status status="PASS" start="2024-09-29T01:53:21.577526" elapsed="0.631852"/>
</kw>
<kw name="Wait Until Element Is Visible" owner="SeleniumLibrary">
<arg>id=last_name-label</arg>
<doc>Waits until the element ``locator`` is visible.</doc>
<status status="PASS" start="2024-09-29T01:53:22.209860" elapsed="0.408312"/>
</kw>
<kw name="Input Text" owner="SeleniumLibrary">
<msg time="2024-09-29T01:53:22.626075" level="INFO">Typing text 'keawmaha2' into text field 'name=last_name'.</msg>
<arg>name=last_name</arg>
<arg>keawmaha2</arg>
<doc>Types the given ``text`` into the text field identified by ``locator``.</doc>
<status status="PASS" start="2024-09-29T01:53:22.624404" elapsed="0.985415"/>
</kw>
<kw name="Wait Until Element Is Visible" owner="SeleniumLibrary">
<arg>id=username-label</arg>
<doc>Waits until the element ``locator`` is visible.</doc>
<status status="PASS" start="2024-09-29T01:53:23.611522" elapsed="0.055012"/>
</kw>
<kw name="Wait Until Element Is Visible" owner="SeleniumLibrary">
<arg>id=phone_number-label</arg>
<doc>Waits until the element ``locator`` is visible.</doc>
<status status="PASS" start="2024-09-29T01:53:23.667092" elapsed="0.037788"/>
</kw>
<kw name="Input Text" owner="SeleniumLibrary">
<msg time="2024-09-29T01:53:23.705674" level="INFO">Typing text '0891234568' into text field 'id=phone_number'.</msg>
<arg>id=phone_number</arg>
<arg>0891234568</arg>
<doc>Types the given ``text`` into the text field identified by ``locator``.</doc>
<status status="PASS" start="2024-09-29T01:53:23.705329" elapsed="0.587181"/>
</kw>
<kw name="Wait Until Element Is Visible" owner="SeleniumLibrary">
<arg>xpath=//label[@id='email-label']/span</arg>
<doc>Waits until the element ``locator`` is visible.</doc>
<status status="PASS" start="2024-09-29T01:53:24.295229" elapsed="0.065427"/>
</kw>
<kw name="Input Text" owner="SeleniumLibrary">
<msg time="2024-09-29T01:53:24.361958" level="INFO">Typing text 'natt1@gmail.com' into text field 'name=email'.</msg>
<arg>name=email</arg>
<arg>natt1@gmail.com</arg>
<doc>Types the given ``text`` into the text field identified by ``locator``.</doc>
<status status="PASS" start="2024-09-29T01:53:24.360979" elapsed="2.914030"/>
</kw>
<kw name="Wait Until Element Is Visible" owner="SeleniumLibrary">
<arg>id=password-label</arg>
<doc>Waits until the element ``locator`` is visible.</doc>
<status status="PASS" start="2024-09-29T01:53:27.277371" elapsed="0.295872"/>
</kw>
<kw name="Input Text" owner="SeleniumLibrary">
<msg time="2024-09-29T01:53:27.581749" level="INFO">Typing text '23456789l1' into text field 'id=password'.</msg>
<arg>id=password</arg>
<arg>23456789l1</arg>
<doc>Types the given ``text`` into the text field identified by ``locator``.</doc>
<status status="PASS" start="2024-09-29T01:53:27.578243" elapsed="0.889834"/>
</kw>
<kw name="Wait Until Element Is Visible" owner="SeleniumLibrary">
<arg>xpath=//input[@placeholder='MM/DD/YYYY' and @type='text']</arg>
<arg>timeout=10s</arg>
<doc>Waits until the element ``locator`` is visible.</doc>
<status status="PASS" start="2024-09-29T01:53:28.468606" elapsed="0.051890"/>
</kw>
<kw name="Click Element" owner="SeleniumLibrary">
<msg time="2024-09-29T01:53:28.521605" level="INFO">Clicking element 'css=#register-form &gt; div:nth-child(6) &gt; div &gt; div &gt; button'.</msg>
<arg>css=#register-form &gt; div:nth-child(6) &gt; div &gt; div &gt; button</arg>
<doc>Click the element identified by ``locator``.</doc>
<status status="PASS" start="2024-09-29T01:53:28.521121" elapsed="0.293779"/>
</kw>
<kw name="Wait Until Element Is Visible" owner="SeleniumLibrary">
<arg>xpath=/html/body/div[2]/div[2]/div/div/div/div[1]/div[1]/button</arg>
<arg>20s</arg>
<doc>Waits until the element ``locator`` is visible.</doc>
<status status="PASS" start="2024-09-29T01:53:28.815523" elapsed="0.158622"/>
</kw>
<kw name="Click Button" owner="SeleniumLibrary">
<msg time="2024-09-29T01:53:28.993575" level="INFO">Clicking button 'xpath=/html/body/div[2]/div[2]/div/div/div/div[1]/div[1]/button'.</msg>
<arg>xpath=/html/body/div[2]/div[2]/div/div/div/div[1]/div[1]/button</arg>
<doc>Clicks the button identified by ``locator``.</doc>
<status status="PASS" start="2024-09-29T01:53:28.991835" elapsed="0.513754"/>
</kw>
<kw name="Wait Until Element Is Visible" owner="SeleniumLibrary">
<arg>xpath=/html/body/div[2]/div[2]/div/div/div/div[2]/div/div/div[103]/button</arg>
<arg>timeout=30s</arg>
<doc>Waits until the element ``locator`` is visible.</doc>
<status status="PASS" start="2024-09-29T01:53:29.506862" elapsed="0.318734"/>
</kw>
<kw name="Click Element" owner="SeleniumLibrary">
<msg time="2024-09-29T01:53:29.827985" level="INFO">Clicking element 'xpath=/html/body/div[2]/div[2]/div/div/div/div[2]/div/div/div[103]/button'.</msg>
<arg>xpath=/html/body/div[2]/div[2]/div/div/div/div[2]/div/div/div[103]/button</arg>
<doc>Click the element identified by ``locator``.</doc>
<status status="PASS" start="2024-09-29T01:53:29.827576" elapsed="0.593463"/>
</kw>
<kw name="Click Element" owner="SeleniumLibrary">
<msg time="2024-09-29T01:53:30.427642" level="INFO">Clicking element 'xpath=/html/body/div[2]/div[2]/div/div/div/div[2]/div/div/div[2]/div/div[3]/button[5]'.</msg>
<arg>xpath=/html/body/div[2]/div[2]/div/div/div/div[2]/div/div/div[2]/div/div[3]/button[5]</arg>
<doc>Click the element identified by ``locator``.</doc>
<status status="PASS" start="2024-09-29T01:53:30.424814" elapsed="0.299683"/>
</kw>
<kw name="Click Element" owner="SeleniumLibrary">
<msg time="2024-09-29T01:53:30.801872" level="INFO">Clicking element 'xpath=//input[@name='gender' and @value='other']'.</msg>
<arg>xpath=//input[@name='gender' and @value='other']</arg>
<doc>Click the element identified by ``locator``.</doc>
<status status="PASS" start="2024-09-29T01:53:30.728030" elapsed="0.597096"/>
</kw>
<kw name="Click Element" owner="SeleniumLibrary">
<msg time="2024-09-29T01:53:31.338665" level="INFO">Clicking element 'xpath=//button[contains(text(),'Register')]'.</msg>
<arg>xpath=//button[contains(text(),'Register')]</arg>
<doc>Click the element identified by ``locator``.</doc>
<status status="PASS" start="2024-09-29T01:53:31.328492" elapsed="0.727508"/>
</kw>
<kw name="Sleep" owner="BuiltIn">
<msg time="2024-09-29T01:53:33.066211" level="INFO">Slept 1 second.</msg>
<arg>${Delay}</arg>
<doc>Pauses the test executed for the given time.</doc>
<status status="PASS" start="2024-09-29T01:53:32.063039" elapsed="1.003350"/>
</kw>
<kw name=" Check Title blog register3">
<kw name="Wait Until Page Contains" owner="SeleniumLibrary">
<arg>ไม่กรอก Username</arg>
<arg>10s</arg>
<doc>Waits until ``text`` appears on the current page.</doc>
<status status="PASS" start="2024-09-29T01:53:33.067867" elapsed="0.066137"/>
</kw>
<kw name="Sleep" owner="BuiltIn">
<msg time="2024-09-29T01:53:34.146481" level="INFO">Slept 1 second.</msg>
<arg>1</arg>
<doc>Pauses the test executed for the given time.</doc>
<status status="PASS" start="2024-09-29T01:53:33.134415" elapsed="1.012673"/>
</kw>
<kw name="Capture Page Screenshot" owner="SeleniumLibrary">
<msg time="2024-09-29T01:53:35.902265" level="INFO" html="true">&lt;/td&gt;&lt;/tr&gt;&lt;tr&gt;&lt;td colspan="3"&gt;&lt;a href="Photo/Viwearticle/TC2004.png"&gt;&lt;img src="Photo/Viwearticle/TC2004.png" width="800px"&gt;&lt;/a&gt;</msg>
<arg>Photo/Viwearticle/TC2004.png</arg>
<doc>Takes a screenshot of the current page and embeds it into a log file.</doc>
<status status="PASS" start="2024-09-29T01:53:34.148007" elapsed="1.754665"/>
</kw>
<status status="PASS" start="2024-09-29T01:53:33.067163" elapsed="2.835820"/>
</kw>
<kw name="Sleep" owner="BuiltIn">
<msg time="2024-09-29T01:53:36.905275" level="INFO">Slept 1 second.</msg>
<arg>${Delay}</arg>
<doc>Pauses the test executed for the given time.</doc>
<status status="PASS" start="2024-09-29T01:53:35.904384" elapsed="1.001032"/>
</kw>
<kw name="Close Browser" owner="SeleniumLibrary">
<doc>Closes the current browser.</doc>
<status status="PASS" start="2024-09-29T01:53:36.905982" elapsed="0.200647"/>
</kw>
<status status="PASS" start="2024-09-29T01:53:13.326159" elapsed="23.781305"/>
</test>
<test id="s1-t5" name="TC2005การสมัครสมาชิกไม่กรอกเบอร์โทร" line="194">
<kw name="Open Browser" owner="SeleniumLibrary">
<msg time="2024-09-29T01:53:37.119975" level="INFO">Opening browser 'chrome' to base url 'https://dicedreams-font-end.vercel.app/'.</msg>
<arg>${URL}</arg>
<arg>${Browser}</arg>
<doc>Opens a new browser instance to the optional ``url``.</doc>
<status status="PASS" start="2024-09-29T01:53:37.113832" elapsed="5.238298"/>
</kw>
<kw name="Click Button" owner="SeleniumLibrary">
<msg time="2024-09-29T01:53:42.354177" level="INFO">Clicking button 'id=register-button'.</msg>
<arg>id=register-button</arg>
<doc>Clicks the button identified by ``locator``.</doc>
<status status="PASS" start="2024-09-29T01:53:42.353034" elapsed="0.537961"/>
</kw>
<kw name="Click Button" owner="SeleniumLibrary">
<msg time="2024-09-29T01:53:42.904077" level="INFO">Clicking button 'id=first_name'.</msg>
<arg>id=first_name</arg>
<doc>Clicks the button identified by ``locator``.</doc>
<status status="PASS" start="2024-09-29T01:53:42.892331" elapsed="0.261209"/>
</kw>
<kw name="Input Text" owner="SeleniumLibrary">
<msg time="2024-09-29T01:53:43.163611" level="INFO">Typing text 'nattavut2' into text field 'name=first_name'.</msg>
<arg>name=first_name</arg>
<arg>nattavut2</arg>
<doc>Types the given ``text`` into the text field identified by ``locator``.</doc>
<status status="PASS" start="2024-09-29T01:53:43.154267" elapsed="0.727995"/>
</kw>
<kw name="Wait Until Element Is Visible" owner="SeleniumLibrary">
<arg>id=last_name-label</arg>
<doc>Waits until the element ``locator`` is visible.</doc>
<status status="PASS" start="2024-09-29T01:53:43.883643" elapsed="0.061565"/>
</kw>
<kw name="Input Text" owner="SeleniumLibrary">
<msg time="2024-09-29T01:53:43.945783" level="INFO">Typing text 'keawmaha2' into text field 'name=last_name'.</msg>
<arg>name=last_name</arg>
<arg>keawmaha2</arg>
<doc>Types the given ``text`` into the text field identified by ``locator``.</doc>
<status status="PASS" start="2024-09-29T01:53:43.945522" elapsed="0.715647"/>
</kw>
<kw name="Wait Until Element Is Visible" owner="SeleniumLibrary">
<arg>id=username-label</arg>
<doc>Waits until the element ``locator`` is visible.</doc>
<status status="PASS" start="2024-09-29T01:53:44.661733" elapsed="0.048834"/>
</kw>
<kw name="Input Text" owner="SeleniumLibrary">
<msg time="2024-09-29T01:53:44.711623" level="INFO">Typing text 'nattNa1' into text field 'id=username'.</msg>
<arg>id=username</arg>
<arg>nattNa1</arg>
<doc>Types the given ``text`` into the text field identified by ``locator``.</doc>
<status status="PASS" start="2024-09-29T01:53:44.711105" elapsed="0.553996"/>
</kw>
<kw name="Wait Until Element Is Visible" owner="SeleniumLibrary">
<arg>id=phone_number-label</arg>
<doc>Waits until the element ``locator`` is visible.</doc>
<status status="PASS" start="2024-09-29T01:53:45.265403" elapsed="0.032837"/>
</kw>
<kw name="Wait Until Element Is Visible" owner="SeleniumLibrary">
<arg>xpath=//label[@id='email-label']/span</arg>
<doc>Waits until the element ``locator`` is visible.</doc>
<status status="PASS" start="2024-09-29T01:53:45.298912" elapsed="0.067448"/>
</kw>
<kw name="Input Text" owner="SeleniumLibrary">
<msg time="2024-09-29T01:53:45.367157" level="INFO">Typing text 'natt1@gmail.com' into text field 'name=email'.</msg>
<arg>name=email</arg>
<arg>natt1@gmail.com</arg>
<doc>Types the given ``text`` into the text field identified by ``locator``.</doc>
<status status="PASS" start="2024-09-29T01:53:45.366787" elapsed="1.175263"/>
</kw>
<kw name="Wait Until Element Is Visible" owner="SeleniumLibrary">
<arg>id=password-label</arg>
<doc>Waits until the element ``locator`` is visible.</doc>
<status status="PASS" start="2024-09-29T01:53:46.542484" elapsed="0.157796"/>
</kw>
<kw name="Input Text" owner="SeleniumLibrary">
<msg time="2024-09-29T01:53:46.737851" level="INFO">Typing text '23456789l1' into text field 'id=password'.</msg>
<arg>id=password</arg>
<arg>23456789l1</arg>
<doc>Types the given ``text`` into the text field identified by ``locator``.</doc>
<status status="PASS" start="2024-09-29T01:53:46.734239" elapsed="1.476285"/>
</kw>
<kw name="Wait Until Element Is Visible" owner="SeleniumLibrary">
<arg>xpath=//input[@placeholder='MM/DD/YYYY' and @type='text']</arg>
<arg>timeout=10s</arg>
<doc>Waits until the element ``locator`` is visible.</doc>
<status status="PASS" start="2024-09-29T01:53:48.211196" elapsed="0.063207"/>
</kw>
<kw name="Click Element" owner="SeleniumLibrary">
<msg time="2024-09-29T01:53:48.275223" level="INFO">Clicking element 'css=#register-form &gt; div:nth-child(6) &gt; div &gt; div &gt; button'.</msg>
<arg>css=#register-form &gt; div:nth-child(6) &gt; div &gt; div &gt; button</arg>
<doc>Click the element identified by ``locator``.</doc>
<status status="PASS" start="2024-09-29T01:53:48.274856" elapsed="0.336675"/>
</kw>
<kw name="Wait Until Element Is Visible" owner="SeleniumLibrary">
<arg>xpath=/html/body/div[2]/div[2]/div/div/div/div[1]/div[1]/button</arg>
<arg>20s</arg>
<doc>Waits until the element ``locator`` is visible.</doc>
<status status="PASS" start="2024-09-29T01:53:48.612027" elapsed="0.185338"/>
</kw>
<kw name="Click Button" owner="SeleniumLibrary">
<msg time="2024-09-29T01:53:48.800270" level="INFO">Clicking button 'xpath=/html/body/div[2]/div[2]/div/div/div/div[1]/div[1]/button'.</msg>
<arg>xpath=/html/body/div[2]/div[2]/div/div/div/div[1]/div[1]/button</arg>
<doc>Clicks the button identified by ``locator``.</doc>
<status status="PASS" start="2024-09-29T01:53:48.798733" elapsed="0.443041"/>
</kw>
<kw name="Wait Until Element Is Visible" owner="SeleniumLibrary">
<arg>xpath=/html/body/div[2]/div[2]/div/div/div/div[2]/div/div/div[103]/button</arg>
<arg>timeout=30s</arg>
<doc>Waits until the element ``locator`` is visible.</doc>
<status status="PASS" start="2024-09-29T01:53:49.243340" elapsed="0.357558"/>
</kw>
<kw name="Click Element" owner="SeleniumLibrary">
<msg time="2024-09-29T01:53:49.605088" level="INFO">Clicking element 'xpath=/html/body/div[2]/div[2]/div/div/div/div[2]/div/div/div[103]/button'.</msg>
<arg>xpath=/html/body/div[2]/div[2]/div/div/div/div[2]/div/div/div[103]/button</arg>
<doc>Click the element identified by ``locator``.</doc>
<status status="PASS" start="2024-09-29T01:53:49.603799" elapsed="0.597786"/>
</kw>
<kw name="Click Element" owner="SeleniumLibrary">
<msg time="2024-09-29T01:53:50.208551" level="INFO">Clicking element 'xpath=/html/body/div[2]/div[2]/div/div/div/div[2]/div/div/div[2]/div/div[3]/button[5]'.</msg>
<arg>xpath=/html/body/div[2]/div[2]/div/div/div/div[2]/div/div/div[2]/div/div[3]/button[5]</arg>
<doc>Click the element identified by ``locator``.</doc>
<status status="PASS" start="2024-09-29T01:53:50.204598" elapsed="0.504313"/>
</kw>
<kw name="Click Element" owner="SeleniumLibrary">
<msg time="2024-09-29T01:53:50.713466" level="INFO">Clicking element 'xpath=//input[@name='gender' and @value='other']'.</msg>
<arg>xpath=//input[@name='gender' and @value='other']</arg>
<doc>Click the element identified by ``locator``.</doc>
<status status="PASS" start="2024-09-29T01:53:50.711166" elapsed="0.433720"/>
</kw>
<kw name="Click Element" owner="SeleniumLibrary">
<msg time="2024-09-29T01:53:51.146407" level="INFO">Clicking element 'xpath=//button[contains(text(),'Register')]'.</msg>
<arg>xpath=//button[contains(text(),'Register')]</arg>
<doc>Click the element identified by ``locator``.</doc>
<status status="PASS" start="2024-09-29T01:53:51.145681" elapsed="0.845673"/>
</kw>
<kw name="Sleep" owner="BuiltIn">
<msg time="2024-09-29T01:53:52.995648" level="INFO">Slept 1 second.</msg>
<arg>${Delay}</arg>
<doc>Pauses the test executed for the given time.</doc>
<status status="PASS" start="2024-09-29T01:53:51.993575" elapsed="1.002209"/>
</kw>
<kw name=" Check Title blog register4">
<kw name="Wait Until Page Contains" owner="SeleniumLibrary">
<arg>ไม่กรอก Telephone Number</arg>
<arg>10s</arg>
<doc>Waits until ``text`` appears on the current page.</doc>
<status status="PASS" start="2024-09-29T01:53:52.999893" elapsed="0.019185"/>
</kw>
<kw name="Sleep" owner="BuiltIn">
<msg time="2024-09-29T01:53:54.037074" level="INFO">Slept 1 second.</msg>
<arg>1</arg>
<doc>Pauses the test executed for the given time.</doc>
<status status="PASS" start="2024-09-29T01:53:53.019309" elapsed="1.018022"/>
</kw>
<kw name="Capture Page Screenshot" owner="SeleniumLibrary">
<msg time="2024-09-29T01:53:55.549526" level="INFO" html="true">&lt;/td&gt;&lt;/tr&gt;&lt;tr&gt;&lt;td colspan="3"&gt;&lt;a href="Photo/Viwearticle/TC2005.png"&gt;&lt;img src="Photo/Viwearticle/TC2005.png" width="800px"&gt;&lt;/a&gt;</msg>
<arg>Photo/Viwearticle/TC2005.png</arg>
<doc>Takes a screenshot of the current page and embeds it into a log file.</doc>
<status status="PASS" start="2024-09-29T01:53:54.037857" elapsed="1.511897"/>
</kw>
<status status="PASS" start="2024-09-29T01:53:52.998724" elapsed="2.551260"/>
</kw>
<kw name="Sleep" owner="BuiltIn">
<msg time="2024-09-29T01:53:56.556815" level="INFO">Slept 1 second.</msg>
<arg>${Delay}</arg>
<doc>Pauses the test executed for the given time.</doc>
<status status="PASS" start="2024-09-29T01:53:55.550845" elapsed="1.006806"/>
</kw>
<kw name="Close Browser" owner="SeleniumLibrary">
<doc>Closes the current browser.</doc>
<status status="PASS" start="2024-09-29T01:53:56.561197" elapsed="0.417676"/>
</kw>
<status status="PASS" start="2024-09-29T01:53:37.108248" elapsed="19.871467"/>
</test>
<test id="s1-t6" name="TC2006การสมัครสมาชิกไม่กรอกอีเมล์" line="227">
<kw name="Open Browser" owner="SeleniumLibrary">
<msg time="2024-09-29T01:53:57.001341" level="INFO">Opening browser 'chrome' to base url 'https://dicedreams-font-end.vercel.app/'.</msg>
<arg>${URL}</arg>
<arg>${Browser}</arg>
<doc>Opens a new browser instance to the optional ``url``.</doc>
<status status="PASS" start="2024-09-29T01:53:57.000152" elapsed="5.369188"/>
</kw>
<kw name="Click Button" owner="SeleniumLibrary">
<msg time="2024-09-29T01:54:02.405296" level="INFO">Clicking button 'id=register-button'.</msg>
<arg>id=register-button</arg>
<doc>Clicks the button identified by ``locator``.</doc>
<status status="PASS" start="2024-09-29T01:54:02.402078" elapsed="0.599189"/>
</kw>
<kw name="Click Button" owner="SeleniumLibrary">
<msg time="2024-09-29T01:54:03.005597" level="INFO">Clicking button 'id=first_name'.</msg>
<arg>id=first_name</arg>
<doc>Clicks the button identified by ``locator``.</doc>
<status status="PASS" start="2024-09-29T01:54:03.004548" elapsed="0.568283"/>
</kw>
<kw name="Input Text" owner="SeleniumLibrary">
<msg time="2024-09-29T01:54:03.580344" level="INFO">Typing text 'nattavut2' into text field 'name=first_name'.</msg>
<arg>name=first_name</arg>
<arg>nattavut2</arg>
<doc>Types the given ``text`` into the text field identified by ``locator``.</doc>
<status status="PASS" start="2024-09-29T01:54:03.579838" elapsed="0.800240"/>
</kw>
<kw name="Wait Until Element Is Visible" owner="SeleniumLibrary">
<arg>id=last_name-label</arg>
<doc>Waits until the element ``locator`` is visible.</doc>
<status status="PASS" start="2024-09-29T01:54:04.380659" elapsed="0.057441"/>
</kw>
<kw name="Input Text" owner="SeleniumLibrary">
<msg time="2024-09-29T01:54:04.439299" level="INFO">Typing text 'keawmaha2' into text field 'name=last_name'.</msg>
<arg>name=last_name</arg>
<arg>keawmaha2</arg>
<doc>Types the given ``text`` into the text field identified by ``locator``.</doc>
<status status="PASS" start="2024-09-29T01:54:04.438996" elapsed="0.610139"/>
</kw>
<kw name="Wait Until Element Is Visible" owner="SeleniumLibrary">
<arg>id=username-label</arg>
<doc>Waits until the element ``locator`` is visible.</doc>
<status status="PASS" start="2024-09-29T01:54:05.050353" elapsed="0.061417"/>
</kw>
<kw name="Input Text" owner="SeleniumLibrary">
<msg time="2024-09-29T01:54:05.112400" level="INFO">Typing text 'nattNa1' into text field 'id=username'.</msg>
<arg>id=username</arg>
<arg>nattNa1</arg>
<doc>Types the given ``text`` into the text field identified by ``locator``.</doc>
<status status="PASS" start="2024-09-29T01:54:05.112099" elapsed="0.523374"/>
</kw>
<kw name="Wait Until Element Is Visible" owner="SeleniumLibrary">
<arg>id=phone_number-label</arg>
<doc>Waits until the element ``locator`` is visible.</doc>
<status status="PASS" start="2024-09-29T01:54:05.638702" elapsed="0.051985"/>
</kw>
<kw name="Input Text" owner="SeleniumLibrary">
<msg time="2024-09-29T01:54:05.693894" level="INFO">Typing text '0891234568' into text field 'id=phone_number'.</msg>
<arg>id=phone_number</arg>
<arg>0891234568</arg>
<doc>Types the given ``text`` into the text field identified by ``locator``.</doc>
<status status="PASS" start="2024-09-29T01:54:05.691551" elapsed="0.715752"/>
</kw>
<kw name="Wait Until Element Is Visible" owner="SeleniumLibrary">
<arg>xpath=//label[@id='email-label']/span</arg>
<doc>Waits until the element ``locator`` is visible.</doc>
<status status="PASS" start="2024-09-29T01:54:06.412051" elapsed="0.082220"/>
</kw>
<kw name="Wait Until Element Is Visible" owner="SeleniumLibrary">
<arg>id=password-label</arg>
<doc>Waits until the element ``locator`` is visible.</doc>
<status status="PASS" start="2024-09-29T01:54:06.494667" elapsed="0.026852"/>
</kw>
<kw name="Input Text" owner="SeleniumLibrary">
<msg time="2024-09-29T01:54:06.522451" level="INFO">Typing text '23456789l1' into text field 'id=password'.</msg>
<arg>id=password</arg>
<arg>23456789l1</arg>
<doc>Types the given ``text`` into the text field identified by ``locator``.</doc>
<status status="PASS" start="2024-09-29T01:54:06.522159" elapsed="0.650291"/>
</kw>
<kw name="Wait Until Element Is Visible" owner="SeleniumLibrary">
<arg>xpath=//input[@placeholder='MM/DD/YYYY' and @type='text']</arg>
<arg>timeout=10s</arg>
<doc>Waits until the element ``locator`` is visible.</doc>
<status status="PASS" start="2024-09-29T01:54:07.172876" elapsed="0.266303"/>
</kw>
<kw name="Click Element" owner="SeleniumLibrary">
<msg time="2024-09-29T01:54:07.482319" level="INFO">Clicking element 'css=#register-form &gt; div:nth-child(6) &gt; div &gt; div &gt; button'.</msg>
<arg>css=#register-form &gt; div:nth-child(6) &gt; div &gt; div &gt; button</arg>
<doc>Click the element identified by ``locator``.</doc>
<status status="PASS" start="2024-09-29T01:54:07.441698" elapsed="0.775405"/>
</kw>
<kw name="Wait Until Element Is Visible" owner="SeleniumLibrary">
<arg>xpath=/html/body/div[2]/div[2]/div/div/div/div[1]/div[1]/button</arg>
<arg>20s</arg>
<doc>Waits until the element ``locator`` is visible.</doc>
<status status="PASS" start="2024-09-29T01:54:08.218499" elapsed="0.349127"/>
</kw>
<kw name="Click Button" owner="SeleniumLibrary">
<msg time="2024-09-29T01:54:08.572536" level="INFO">Clicking button 'xpath=/html/body/div[2]/div[2]/div/div/div/div[1]/div[1]/button'.</msg>
<arg>xpath=/html/body/div[2]/div[2]/div/div/div/div[1]/div[1]/button</arg>
<doc>Clicks the button identified by ``locator``.</doc>
<status status="PASS" start="2024-09-29T01:54:08.568698" elapsed="0.395425"/>
</kw>
<kw name="Wait Until Element Is Visible" owner="SeleniumLibrary">
<arg>xpath=/html/body/div[2]/div[2]/div/div/div/div[2]/div/div/div[103]/button</arg>
<arg>timeout=30s</arg>
<doc>Waits until the element ``locator`` is visible.</doc>
<status status="PASS" start="2024-09-29T01:54:08.978312" elapsed="0.313012"/>
</kw>
<kw name="Click Element" owner="SeleniumLibrary">
<msg time="2024-09-29T01:54:09.295987" level="INFO">Clicking element 'xpath=/html/body/div[2]/div[2]/div/div/div/div[2]/div/div/div[103]/button'.</msg>
<arg>xpath=/html/body/div[2]/div[2]/div/div/div/div[2]/div/div/div[103]/button</arg>
<doc>Click the element identified by ``locator``.</doc>
<status status="PASS" start="2024-09-29T01:54:09.294404" elapsed="0.597748"/>
</kw>
<kw name="Click Element" owner="SeleniumLibrary">
<msg time="2024-09-29T01:54:09.896032" level="INFO">Clicking element 'xpath=/html/body/div[2]/div[2]/div/div/div/div[2]/div/div/div[2]/div/div[3]/button[5]'.</msg>
<arg>xpath=/html/body/div[2]/div[2]/div/div/div/div[2]/div/div/div[2]/div/div[3]/button[5]</arg>
<doc>Click the element identified by ``locator``.</doc>
<status status="PASS" start="2024-09-29T01:54:09.894309" elapsed="0.977045"/>
</kw>
<kw name="Click Element" owner="SeleniumLibrary">
<msg time="2024-09-29T01:54:10.876376" level="INFO">Clicking element 'xpath=//input[@name='gender' and @value='other']'.</msg>
<arg>xpath=//input[@name='gender' and @value='other']</arg>
<doc>Click the element identified by ``locator``.</doc>
<status status="PASS" start="2024-09-29T01:54:10.874157" elapsed="0.503405"/>
</kw>
<kw name="Click Element" owner="SeleniumLibrary">
<msg time="2024-09-29T01:54:11.379687" level="INFO">Clicking element 'xpath=//button[contains(text(),'Register')]'.</msg>
<arg>xpath=//button[contains(text(),'Register')]</arg>
<doc>Click the element identified by ``locator``.</doc>
<status status="PASS" start="2024-09-29T01:54:11.379228" elapsed="0.747533"/>
</kw>
<kw name="Sleep" owner="BuiltIn">
<msg time="2024-09-29T01:54:13.252242" level="INFO">Slept 1 second.</msg>
<arg>${Delay}</arg>
<doc>Pauses the test executed for the given time.</doc>
<status status="PASS" start="2024-09-29T01:54:12.242449" elapsed="1.009973"/>
</kw>
<kw name=" Check Title blog register5">
<kw name="Wait Until Page Contains" owner="SeleniumLibrary">
<arg>ไม่กรอก E-mail</arg>
<arg>10s</arg>
<doc>Waits until ``text`` appears on the current page.</doc>
<status status="PASS" start="2024-09-29T01:54:13.255509" elapsed="0.019472"/>
</kw>
<kw name="Sleep" owner="BuiltIn">
<msg time="2024-09-29T01:54:14.275785" level="INFO">Slept 1 second.</msg>
<arg>1</arg>
<doc>Pauses the test executed for the given time.</doc>
<status status="PASS" start="2024-09-29T01:54:13.275197" elapsed="1.000768"/>
</kw>
<kw name="Capture Page Screenshot" owner="SeleniumLibrary">
<msg time="2024-09-29T01:54:16.190208" level="INFO" html="true">&lt;/td&gt;&lt;/tr&gt;&lt;tr&gt;&lt;td colspan="3"&gt;&lt;a href="Photo/Viwearticle/TC2006.png"&gt;&lt;img src="Photo/Viwearticle/TC2006.png" width="800px"&gt;&lt;/a&gt;</msg>
<arg>Photo/Viwearticle/TC2006.png</arg>
<doc>Takes a screenshot of the current page and embeds it into a log file.</doc>
<status status="PASS" start="2024-09-29T01:54:14.276351" elapsed="1.916779"/>
</kw>
<status status="PASS" start="2024-09-29T01:54:13.254170" elapsed="2.939184"/>
</kw>
<kw name="Sleep" owner="BuiltIn">
<msg time="2024-09-29T01:54:17.194556" level="INFO">Slept 1 second.</msg>
<arg>${Delay}</arg>
<doc>Pauses the test executed for the given time.</doc>
<status status="PASS" start="2024-09-29T01:54:16.193790" elapsed="1.000930"/>
</kw>
<kw name="Close Browser" owner="SeleniumLibrary">
<doc>Closes the current browser.</doc>
<status status="PASS" start="2024-09-29T01:54:17.195146" elapsed="0.341312"/>
</kw>
<status status="PASS" start="2024-09-29T01:53:56.981014" elapsed="20.556147"/>
</test>
<test id="s1-t7" name="TC2007การสมัครสมาชิกไม่กรอกพาสเวอร์" line="259">
<kw name="Open Browser" owner="SeleniumLibrary">
<msg time="2024-09-29T01:54:17.542897" level="INFO">Opening browser 'chrome' to base url 'https://dicedreams-font-end.vercel.app/'.</msg>
<arg>${URL}</arg>
<arg>${Browser}</arg>
<doc>Opens a new browser instance to the optional ``url``.</doc>
<status status="PASS" start="2024-09-29T01:54:17.541586" elapsed="10.915999"/>
</kw>
<kw name="Click Button" owner="SeleniumLibrary">
<msg time="2024-09-29T01:54:28.459265" level="INFO">Clicking button 'id=register-button'.</msg>
<arg>id=register-button</arg>
<doc>Clicks the button identified by ``locator``.</doc>
<status status="PASS" start="2024-09-29T01:54:28.458728" elapsed="0.610796"/>
</kw>
<kw name="Click Button" owner="SeleniumLibrary">
<msg time="2024-09-29T01:54:29.070527" level="INFO">Clicking button 'id=first_name'.</msg>
<arg>id=first_name</arg>
<doc>Clicks the button identified by ``locator``.</doc>
<status status="PASS" start="2024-09-29T01:54:29.070230" elapsed="0.453742"/>
</kw>
<kw name="Input Text" owner="SeleniumLibrary">
<msg time="2024-09-29T01:54:29.532128" level="INFO">Typing text 'nattavut2' into text field 'name=first_name'.</msg>
<arg>name=first_name</arg>
<arg>nattavut2</arg>
<doc>Types the given ``text`` into the text field identified by ``locator``.</doc>
<status status="PASS" start="2024-09-29T01:54:29.529431" elapsed="0.638565"/>
</kw>
<kw name="Wait Until Element Is Visible" owner="SeleniumLibrary">
<arg>id=last_name-label</arg>
<doc>Waits until the element ``locator`` is visible.</doc>
<status status="PASS" start="2024-09-29T01:54:30.169395" elapsed="0.092666"/>
</kw>
<kw name="Input Text" owner="SeleniumLibrary">
<msg time="2024-09-29T01:54:30.262697" level="INFO">Typing text 'keawmaha2' into text field 'name=last_name'.</msg>
<arg>name=last_name</arg>
<arg>keawmaha2</arg>
<doc>Types the given ``text`` into the text field identified by ``locator``.</doc>
<status status="PASS" start="2024-09-29T01:54:30.262400" elapsed="0.532781"/>
</kw>
<kw name="Wait Until Element Is Visible" owner="SeleniumLibrary">
<arg>id=username-label</arg>
<doc>Waits until the element ``locator`` is visible.</doc>
<status status="PASS" start="2024-09-29T01:54:30.795773" elapsed="0.084367"/>
</kw>
<kw name="Input Text" owner="SeleniumLibrary">
<msg time="2024-09-29T01:54:30.881426" level="INFO">Typing text 'nattNa1' into text field 'id=username'.</msg>
<arg>id=username</arg>
<arg>nattNa1</arg>
<doc>Types the given ``text`` into the text field identified by ``locator``.</doc>
<status status="PASS" start="2024-09-29T01:54:30.880964" elapsed="0.713517"/>
</kw>
<kw name="Wait Until Element Is Visible" owner="SeleniumLibrary">
<arg>id=phone_number-label</arg>
<doc>Waits until the element ``locator`` is visible.</doc>
<status status="PASS" start="2024-09-29T01:54:31.595014" elapsed="0.052469"/>
</kw>
<kw name="Input Text" owner="SeleniumLibrary">
<msg time="2024-09-29T01:54:31.648615" level="INFO">Typing text '0891234568' into text field 'id=phone_number'.</msg>
<arg>id=phone_number</arg>
<arg>0891234568</arg>
<doc>Types the given ``text`` into the text field identified by ``locator``.</doc>
<status status="PASS" start="2024-09-29T01:54:31.648235" elapsed="0.534046"/>
</kw>
<kw name="Wait Until Element Is Visible" owner="SeleniumLibrary">
<arg>xpath=//label[@id='email-label']/span</arg>
<doc>Waits until the element ``locator`` is visible.</doc>
<status status="PASS" start="2024-09-29T01:54:32.182934" elapsed="0.065530"/>
</kw>
<kw name="Input Text" owner="SeleniumLibrary">
<msg time="2024-09-29T01:54:32.249095" level="INFO">Typing text 'natt1@gmail.com' into text field 'name=email'.</msg>
<arg>name=email</arg>
<arg>natt1@gmail.com</arg>
<doc>Types the given ``text`` into the text field identified by ``locator``.</doc>
<status status="PASS" start="2024-09-29T01:54:32.248816" elapsed="0.564386"/>
</kw>
<kw name="Wait Until Element Is Visible" owner="SeleniumLibrary">
<arg>id=password-label</arg>
<doc>Waits until the element ``locator`` is visible.</doc>
<status status="PASS" start="2024-09-29T01:54:32.813553" elapsed="0.063676"/>
</kw>
<kw name="Wait Until Element Is Visible" owner="SeleniumLibrary">
<arg>xpath=//input[@placeholder='MM/DD/YYYY' and @type='text']</arg>
<arg>timeout=10s</arg>
<doc>Waits until the element ``locator`` is visible.</doc>
<status status="PASS" start="2024-09-29T01:54:32.877527" elapsed="0.035606"/>
</kw>
<kw name="Click Element" owner="SeleniumLibrary">
<msg time="2024-09-29T01:54:32.914335" level="INFO">Clicking element 'css=#register-form &gt; div:nth-child(6) &gt; div &gt; div &gt; button'.</msg>
<arg>css=#register-form &gt; div:nth-child(6) &gt; div &gt; div &gt; button</arg>
<doc>Click the element identified by ``locator``.</doc>
<status status="PASS" start="2024-09-29T01:54:32.913831" elapsed="0.290159"/>
</kw>
<kw name="Wait Until Element Is Visible" owner="SeleniumLibrary">
<arg>xpath=/html/body/div[2]/div[2]/div/div/div/div[1]/div[1]/button</arg>
<arg>20s</arg>
<doc>Waits until the element ``locator`` is visible.</doc>
<status status="PASS" start="2024-09-29T01:54:33.210466" elapsed="0.180599"/>
</kw>
<kw name="Click Button" owner="SeleniumLibrary">
<msg time="2024-09-29T01:54:33.392187" level="INFO">Clicking button 'xpath=/html/body/div[2]/div[2]/div/div/div/div[1]/div[1]/button'.</msg>
<arg>xpath=/html/body/div[2]/div[2]/div/div/div/div[1]/div[1]/button</arg>
<doc>Clicks the button identified by ``locator``.</doc>
<status status="PASS" start="2024-09-29T01:54:33.391539" elapsed="0.409107"/>
</kw>
<kw name="Wait Until Element Is Visible" owner="SeleniumLibrary">
<arg>xpath=/html/body/div[2]/div[2]/div/div/div/div[2]/div/div/div[103]/button</arg>
<arg>timeout=30s</arg>
<doc>Waits until the element ``locator`` is visible.</doc>
<status status="PASS" start="2024-09-29T01:54:33.801817" elapsed="0.450846"/>
</kw>
<kw name="Click Element" owner="SeleniumLibrary">
<msg time="2024-09-29T01:54:34.261283" level="INFO">Clicking element 'xpath=/html/body/div[2]/div[2]/div/div/div/div[2]/div/div/div[103]/button'.</msg>
<arg>xpath=/html/body/div[2]/div[2]/div/div/div/div[2]/div/div/div[103]/button</arg>
<doc>Click the element identified by ``locator``.</doc>
<status status="PASS" start="2024-09-29T01:54:34.260182" elapsed="0.543403"/>
</kw>
<kw name="Click Element" owner="SeleniumLibrary">
<msg time="2024-09-29T01:54:34.829094" level="INFO">Clicking element 'xpath=/html/body/div[2]/div[2]/div/div/div/div[2]/div/div/div[2]/div/div[3]/button[5]'.</msg>
<arg>xpath=/html/body/div[2]/div[2]/div/div/div/div[2]/div/div/div[2]/div/div[3]/button[5]</arg>
<doc>Click the element identified by ``locator``.</doc>
<status status="PASS" start="2024-09-29T01:54:34.827931" elapsed="0.369330"/>
</kw>
<kw name="Click Element" owner="SeleniumLibrary">
<msg time="2024-09-29T01:54:35.295462" level="INFO">Clicking element 'xpath=//input[@name='gender' and @value='other']'.</msg>
<arg>xpath=//input[@name='gender' and @value='other']</arg>
<doc>Click the element identified by ``locator``.</doc>
<status status="PASS" start="2024-09-29T01:54:35.201263" elapsed="0.544334"/>
</kw>
<kw name="Click Element" owner="SeleniumLibrary">
<msg time="2024-09-29T01:54:35.750886" level="INFO">Clicking element 'xpath=//button[contains(text(),'Register')]'.</msg>
<arg>xpath=//button[contains(text(),'Register')]</arg>
<doc>Click the element identified by ``locator``.</doc>
<status status="PASS" start="2024-09-29T01:54:35.749428" elapsed="0.629947"/>
</kw>
<kw name="Sleep" owner="BuiltIn">
<msg time="2024-09-29T01:54:37.382498" level="INFO">Slept 1 second.</msg>
<arg>${Delay}</arg>
<doc>Pauses the test executed for the given time.</doc>
<status status="PASS" start="2024-09-29T01:54:36.380708" elapsed="1.002431"/>
</kw>
<kw name=" Check Title blog register6">
<kw name="Wait Until Page Contains" owner="SeleniumLibrary">
<msg time="2024-09-29T01:54:43.831878" level="INFO" html="true">&lt;/td&gt;&lt;/tr&gt;&lt;tr&gt;&lt;td colspan="3"&gt;&lt;a href="selenium-screenshot-24.png"&gt;&lt;img src="selenium-screenshot-24.png" width="800px"&gt;&lt;/a&gt;</msg>
<msg time="2024-09-29T01:54:43.832515" level="FAIL">Text 'ไม่กรอก Password 10s' did not appear in 5 seconds.</msg>
<arg>ไม่กรอก Password 10s</arg>
<doc>Waits until ``text`` appears on the current page.</doc>
<status status="FAIL" start="2024-09-29T01:54:37.387541" elapsed="6.506934">Text 'ไม่กรอก Password 10s' did not appear in 5 seconds.</status>
</kw>
<kw name="Sleep" owner="BuiltIn">
<arg>1</arg>
<doc>Pauses the test executed for the given time.</doc>
<status status="NOT RUN" start="2024-09-29T01:54:43.894830" elapsed="0.000060"/>
</kw>
<kw name="Capture Page Screenshot" owner="SeleniumLibrary">
<arg>Photo/Viwearticle/TC2007.png</arg>
<doc>Takes a screenshot of the current page and embeds it into a log file.</doc>
<status status="NOT RUN" start="2024-09-29T01:54:43.895088" elapsed="0.000046"/>
</kw>
<status status="FAIL" start="2024-09-29T01:54:37.386479" elapsed="6.508983">Text 'ไม่กรอก Password 10s' did not appear in 5 seconds.</status>
</kw>
<kw name="Sleep" owner="BuiltIn">
<arg>${Delay}</arg>
<doc>Pauses the test executed for the given time.</doc>
<status status="NOT RUN" start="2024-09-29T01:54:43.895941" elapsed="0.000061"/>
</kw>
<kw name="Close Browser" owner="SeleniumLibrary">
<doc>Closes the current browser.</doc>
<status status="NOT RUN" start="2024-09-29T01:54:43.896583" elapsed="0.000056"/>
</kw>
<status status="FAIL" start="2024-09-29T01:54:17.538548" elapsed="26.358762">Text 'ไม่กรอก Password 10s' did not appear in 5 seconds.</status>
</test>
<test id="s1-t8" name="TC2008การสมัครสมาชิกไม่กรอกวันเกิด" line="292">
<kw name="Open Browser" owner="SeleniumLibrary">
<msg time="2024-09-29T01:54:43.900343" level="INFO">Opening browser 'chrome' to base url 'https://dicedreams-font-end.vercel.app/'.</msg>
<arg>${URL}</arg>
<arg>${Browser}</arg>
<doc>Opens a new browser instance to the optional ``url``.</doc>
<status status="PASS" start="2024-09-29T01:54:43.899679" elapsed="13.495653"/>
</kw>
<kw name="Click Button" owner="SeleniumLibrary">
<msg time="2024-09-29T01:54:57.497806" level="INFO">Clicking button 'id=register-button'.</msg>
<arg>id=register-button</arg>
<doc>Clicks the button identified by ``locator``.</doc>
<status status="PASS" start="2024-09-29T01:54:57.491298" elapsed="0.553850"/>
</kw>
<kw name="Click Button" owner="SeleniumLibrary">
<msg time="2024-09-29T01:54:58.114662" level="INFO">Clicking button 'id=first_name'.</msg>
<arg>id=first_name</arg>
<doc>Clicks the button identified by ``locator``.</doc>
<status status="PASS" start="2024-09-29T01:54:58.110888" elapsed="0.646870"/>
</kw>
<kw name="Input Text" owner="SeleniumLibrary">
<msg time="2024-09-29T01:54:58.809241" level="INFO">Typing text 'nattavut2' into text field 'name=first_name'.</msg>
<arg>name=first_name</arg>
<arg>nattavut2</arg>
<doc>Types the given ``text`` into the text field identified by ``locator``.</doc>
<status status="PASS" start="2024-09-29T01:54:58.775634" elapsed="0.693817"/>
</kw>
<kw name="Wait Until Element Is Visible" owner="SeleniumLibrary">
<arg>id=last_name-label</arg>
<doc>Waits until the element ``locator`` is visible.</doc>
<status status="PASS" start="2024-09-29T01:54:59.470219" elapsed="0.049842"/>
</kw>
<kw name="Input Text" owner="SeleniumLibrary">
<msg time="2024-09-29T01:54:59.520665" level="INFO">Typing text 'keawmaha2' into text field 'name=last_name'.</msg>
<arg>name=last_name</arg>
<arg>keawmaha2</arg>
<doc>Types the given ``text`` into the text field identified by ``locator``.</doc>
<status status="PASS" start="2024-09-29T01:54:59.520399" elapsed="0.557956"/>
</kw>
<kw name="Wait Until Element Is Visible" owner="SeleniumLibrary">
<arg>id=username-label</arg>
<doc>Waits until the element ``locator`` is visible.</doc>
<status status="PASS" start="2024-09-29T01:55:00.080087" elapsed="0.060225"/>
</kw>
<kw name="Input Text" owner="SeleniumLibrary">
<msg time="2024-09-29T01:55:00.140945" level="INFO">Typing text 'nattNa1' into text field 'id=username'.</msg>
<arg>id=username</arg>
<arg>nattNa1</arg>
<doc>Types the given ``text`` into the text field identified by ``locator``.</doc>
<status status="PASS" start="2024-09-29T01:55:00.140628" elapsed="0.508575"/>
</kw>
<kw name="Wait Until Element Is Visible" owner="SeleniumLibrary">
<arg>id=phone_number-label</arg>
<doc>Waits until the element ``locator`` is visible.</doc>
<status status="PASS" start="2024-09-29T01:55:00.651719" elapsed="0.054499"/>
</kw>
<kw name="Input Text" owner="SeleniumLibrary">
<msg time="2024-09-29T01:55:00.706999" level="INFO">Typing text '0891234568' into text field 'id=phone_number'.</msg>
<arg>id=phone_number</arg>
<arg>0891234568</arg>
<doc>Types the given ``text`` into the text field identified by ``locator``.</doc>
<status status="PASS" start="2024-09-29T01:55:00.706631" elapsed="0.548170"/>
</kw>
<kw name="Wait Until Element Is Visible" owner="SeleniumLibrary">
<arg>xpath=//label[@id='email-label']/span</arg>
<doc>Waits until the element ``locator`` is visible.</doc>
<status status="PASS" start="2024-09-29T01:55:01.256774" elapsed="0.147610"/>
</kw>
<kw name="Input Text" owner="SeleniumLibrary">
<msg time="2024-09-29T01:55:01.404966" level="INFO">Typing text 'natt1@gmail.com' into text field 'name=email'.</msg>
<arg>name=email</arg>
<arg>natt1@gmail.com</arg>
<doc>Types the given ``text`` into the text field identified by ``locator``.</doc>
<status status="PASS" start="2024-09-29T01:55:01.404720" elapsed="1.196022"/>
</kw>
<kw name="Wait Until Element Is Visible" owner="SeleniumLibrary">
<arg>id=password-label</arg>
<doc>Waits until the element ``locator`` is visible.</doc>
<status status="PASS" start="2024-09-29T01:55:02.602473" elapsed="0.186032"/>
</kw>
<kw name="Input Text" owner="SeleniumLibrary">
<msg time="2024-09-29T01:55:02.789449" level="INFO">Typing text '23456789l1' into text field 'id=password'.</msg>
<arg>id=password</arg>
<arg>23456789l1</arg>
<doc>Types the given ``text`` into the text field identified by ``locator``.</doc>
<status status="PASS" start="2024-09-29T01:55:02.789025" elapsed="0.517585"/>
</kw>
<kw name="Wait Until Element Is Visible" owner="SeleniumLibrary">
<arg>xpath=//input[@placeholder='MM/DD/YYYY' and @type='text']</arg>
<arg>timeout=10s</arg>
<doc>Waits until the element ``locator`` is visible.</doc>
<status status="PASS" start="2024-09-29T01:55:03.307985" elapsed="0.066939"/>
</kw>
<kw name="Click Element" owner="SeleniumLibrary">
<msg time="2024-09-29T01:55:03.375672" level="INFO">Clicking element 'css=#register-form &gt; div:nth-child(6) &gt; div &gt; div &gt; button'.</msg>
<arg>css=#register-form &gt; div:nth-child(6) &gt; div &gt; div &gt; button</arg>
<doc>Click the element identified by ``locator``.</doc>
<status status="PASS" start="2024-09-29T01:55:03.375372" elapsed="0.419974"/>
</kw>
<kw name="Wait Until Element Is Visible" owner="SeleniumLibrary">
<arg>xpath=/html/body/div[2]/div[2]/div/div/div/div[1]/div[1]/button</arg>
<arg>20s</arg>
<doc>Waits until the element ``locator`` is visible.</doc>
<status status="PASS" start="2024-09-29T01:55:03.811912" elapsed="0.343109"/>
</kw>
<kw name="Click Button" owner="SeleniumLibrary">
<msg time="2024-09-29T01:55:04.164370" level="INFO">Clicking button 'xpath=/html/body/div[2]/div[2]/div/div/div/div[1]/div[1]/button'.</msg>
<arg>xpath=/html/body/div[2]/div[2]/div/div/div/div[1]/div[1]/button</arg>
<doc>Clicks the button identified by ``locator``.</doc>
<status status="PASS" start="2024-09-29T01:55:04.159839" elapsed="0.315232"/>
</kw>
<kw name="Wait Until Element Is Visible" owner="SeleniumLibrary">
<arg>xpath=/html/body/div[2]/div[2]/div/div/div/div[2]/div/div/div[103]/button</arg>
<arg>timeout=30s</arg>
<doc>Waits until the element ``locator`` is visible.</doc>
<status status="PASS" start="2024-09-29T01:55:04.477619" elapsed="0.622297"/>
</kw>
<kw name="Click Element" owner="SeleniumLibrary">
<msg time="2024-09-29T01:55:05.106491" level="INFO">Clicking element 'xpath=/html/body/div[2]/div[2]/div/div/div/div[2]/div/div/div[103]/button'.</msg>
<arg>xpath=/html/body/div[2]/div[2]/div/div/div/div[2]/div/div/div[103]/button</arg>
<doc>Click the element identified by ``locator``.</doc>
<status status="PASS" start="2024-09-29T01:55:05.105965" elapsed="0.624444"/>
</kw>
<kw name="Click Element" owner="SeleniumLibrary">
<msg time="2024-09-29T01:55:05.731019" level="INFO">Clicking element 'xpath=/html/body/div[2]/div[2]/div/div/div/div[2]/div/div/div[2]/div/div[3]/button[5]'.</msg>
<arg>xpath=/html/body/div[2]/div[2]/div/div/div/div[2]/div/div/div[2]/div/div[3]/button[5]</arg>
<doc>Click the element identified by ``locator``.</doc>
<status status="PASS" start="2024-09-29T01:55:05.730748" elapsed="0.126533"/>
</kw>
<kw name="Click Element" owner="SeleniumLibrary">
<msg time="2024-09-29T01:55:05.858717" level="INFO">Clicking element 'xpath=//input[@name='gender' and @value='other']'.</msg>
<msg time="2024-09-29T01:55:07.888525" level="INFO" html="true">&lt;/td&gt;&lt;/tr&gt;&lt;tr&gt;&lt;td colspan="3"&gt;&lt;a href="selenium-screenshot-25.png"&gt;&lt;img src="selenium-screenshot-25.png" width="800px"&gt;&lt;/a&gt;</msg>
<msg time="2024-09-29T01:55:07.889287" level="FAIL">ElementClickInterceptedException: Message: element click intercepted: Element &lt;input class="PrivateSwitchBase-input css-1m9pwf3" name="gender" type="radio" value="other"&gt; is not clickable at point (476, 314). Other element would receive the click: &lt;span class="Mui...ypography-root MuiTypography-caption MuiDayCalendar-weekDayLabel css-172tbbd" role="columnheader" aria-label="Thursday"&gt;T&lt;/span&gt;
  (Session info: chrome=129.0.6668.60)
Stacktrace:
0   chromedriver                        0x0000000104e08d68 chromedriver + 4996456
1   chromedriver                        0x0000000104e0062a chromedriver + 4961834
2   chromedriver                        0x00000001049a3d10 chromedriver + 388368
3   chromedriver                        0x00000001049f6db6 chromedriver + 728502
4   chromedriver                        0x00000001049f4ccd chromedriver + 720077
5   chromedriver                        0x00000001049f2797 chromedriver + 710551
6   chromedriver                        0x00000001049f164f chromedriver + 706127
7   chromedriver                        0x00000001049e5258 chromedriver + 655960
8   chromedriver                        0x0000000104a149b2 chromedriver + 850354
9   chromedriver                        0x00000001049e4c48 chromedriver + 654408
10  chromedriver                        0x0000000104a14b6e chromedriver + 850798
11  chromedriver                        0x0000000104a32a00 chromedriver + 973312
12  chromedriver                        0x0000000104a14753 chromedriver + 849747
13  chromedriver                        0x00000001049e3635 chromedriver + 648757
14  chromedriver                        0x00000001049e3e5e chromedriver + 650846
15  chromedriver                        0x0000000104dcf050 chromedriver + 4759632
16  chromedriver                        0x0000000104dd3f68 chromedriver + 4779880
17  chromedriver                        0x0000000104dd4635 chromedriver + 4781621
18  chromedriver                        0x0000000104db1af9 chromedriver + 4639481
19  chromedriver                        0x0000000104dd4929 chromedriver + 4782377
20  chromedriver                        0x0000000104da3094 chromedriver + 4579476
21  chromedriver                        0x0000000104df0a58 chromedriver + 4897368
22  chromedriver                        0x0000000104df0c53 chromedriver + 4897875
23  chromedriver                        0x0000000104e0022e chromedriver + 4960814
24  libsystem_pthread.dylib             0x00007fff207638fc _pthread_start + 224
25  libsystem_pthread.dylib             0x00007fff2075f443 thread_start + 15
</msg>
<arg>xpath=//input[@name='gender' and @value='other']</arg>
<doc>Click the element identified by ``locator``.</doc>
<status status="FAIL" start="2024-09-29T01:55:05.858227" elapsed="2.047094">ElementClickInterceptedException: Message: element click intercepted: Element &lt;input class="PrivateSwitchBase-input css-1m9pwf3" name="gender" type="radio" value="other"&gt; is not clickable at point (476, 314). Other element would receive the click: &lt;span class="Mui...ypography-root MuiTypography-caption MuiDayCalendar-weekDayLabel css-172tbbd" role="columnheader" aria-label="Thursday"&gt;T&lt;/span&gt;
  (Session info: chrome=129.0.6668.60)
Stacktrace:
0   chromedriver                        0x0000000104e08d68 chromedriver + 4996456
1   chromedriver                        0x0000000104e0062a chromedriver + 4961834
2   chromedriver                        0x00000001049a3d10 chromedriver + 388368
3   chromedriver                        0x00000001049f6db6 chromedriver + 728502
4   chromedriver                        0x00000001049f4ccd chromedriver + 720077
5   chromedriver                        0x00000001049f2797 chromedriver + 710551
    [ Message content over the limit has been removed. ]
...romedriver                        0x0000000104dcf050 chromedriver + 4759632
16  chromedriver                        0x0000000104dd3f68 chromedriver + 4779880
17  chromedriver                        0x0000000104dd4635 chromedriver + 4781621
18  chromedriver                        0x0000000104db1af9 chromedriver + 4639481
19  chromedriver                        0x0000000104dd4929 chromedriver + 4782377
20  chromedriver                        0x0000000104da3094 chromedriver + 4579476
21  chromedriver                        0x0000000104df0a58 chromedriver + 4897368
22  chromedriver                        0x0000000104df0c53 chromedriver + 4897875
23  chromedriver                        0x0000000104e0022e chromedriver + 4960814
24  libsystem_pthread.dylib             0x00007fff207638fc _pthread_start + 224
25  libsystem_pthread.dylib             0x00007fff2075f443 thread_start + 15</status>
</kw>
<kw name="Click Element" owner="SeleniumLibrary">
<arg>xpath=//button[contains(text(),'Register')]</arg>
<doc>Click the element identified by ``locator``.</doc>
<status status="NOT RUN" start="2024-09-29T01:55:07.905748" elapsed="0.000060"/>
</kw>
<kw name="Sleep" owner="BuiltIn">
<arg>${Delay}</arg>
<doc>Pauses the test executed for the given time.</doc>
<status status="NOT RUN" start="2024-09-29T01:55:07.906069" elapsed="0.000050"/>
</kw>
<kw name=" Check Title blog register7">
<status status="NOT RUN" start="2024-09-29T01:55:07.907004" elapsed="0.000066"/>
</kw>
<kw name="Sleep" owner="BuiltIn">
<arg>${Delay}</arg>
<doc>Pauses the test executed for the given time.</doc>
<status status="NOT RUN" start="2024-09-29T01:55:07.907448" elapsed="0.000057"/>
</kw>
<kw name="Close Browser" owner="SeleniumLibrary">
<doc>Closes the current browser.</doc>
<status status="NOT RUN" start="2024-09-29T01:55:07.907791" elapsed="0.000068"/>
</kw>
<status status="FAIL" start="2024-09-29T01:54:43.897960" elapsed="24.010552">ElementClickInterceptedException: Message: element click intercepted: Element &lt;input class="PrivateSwitchBase-input css-1m9pwf3" name="gender" type="radio" value="other"&gt; is not clickable at point (476, 314). Other element would receive the click: &lt;span class="Mui...ypography-root MuiTypography-caption MuiDayCalendar-weekDayLabel css-172tbbd" role="columnheader" aria-label="Thursday"&gt;T&lt;/span&gt;
  (Session info: chrome=129.0.6668.60)
Stacktrace:
0   chromedriver                        0x0000000104e08d68 chromedriver + 4996456
1   chromedriver                        0x0000000104e0062a chromedriver + 4961834
2   chromedriver                        0x00000001049a3d10 chromedriver + 388368
3   chromedriver                        0x00000001049f6db6 chromedriver + 728502
4   chromedriver                        0x00000001049f4ccd chromedriver + 720077
5   chromedriver                        0x00000001049f2797 chromedriver + 710551
    [ Message content over the limit has been removed. ]
...romedriver                        0x0000000104dcf050 chromedriver + 4759632
16  chromedriver                        0x0000000104dd3f68 chromedriver + 4779880
17  chromedriver                        0x0000000104dd4635 chromedriver + 4781621
18  chromedriver                        0x0000000104db1af9 chromedriver + 4639481
19  chromedriver                        0x0000000104dd4929 chromedriver + 4782377
20  chromedriver                        0x0000000104da3094 chromedriver + 4579476
21  chromedriver                        0x0000000104df0a58 chromedriver + 4897368
22  chromedriver                        0x0000000104df0c53 chromedriver + 4897875
23  chromedriver                        0x0000000104e0022e chromedriver + 4960814
24  libsystem_pthread.dylib             0x00007fff207638fc _pthread_start + 224
25  libsystem_pthread.dylib             0x00007fff2075f443 thread_start + 15</status>
</test>
<test id="s1-t9" name="TC2009การสมัครสมาชิกไม่กรอกเพศ" line="325">
<kw name="Open Browser" owner="SeleniumLibrary">
<msg time="2024-09-29T01:55:07.913479" level="INFO">Opening browser 'chrome' to base url 'https://dicedreams-font-end.vercel.app/'.</msg>
<arg>${URL}</arg>
<arg>${Browser}</arg>
<doc>Opens a new browser instance to the optional ``url``.</doc>
<status status="PASS" start="2024-09-29T01:55:07.912272" elapsed="12.915920"/>
</kw>
<kw name="Click Button" owner="SeleniumLibrary">
<msg time="2024-09-29T01:55:20.832617" level="INFO">Clicking button 'id=register-button'.</msg>
<arg>id=register-button</arg>
<doc>Clicks the button identified by ``locator``.</doc>
<status status="PASS" start="2024-09-29T01:55:20.831628" elapsed="0.531399"/>
</kw>
<kw name="Click Button" owner="SeleniumLibrary">
<msg time="2024-09-29T01:55:21.363960" level="INFO">Clicking button 'id=first_name'.</msg>
<arg>id=first_name</arg>
<doc>Clicks the button identified by ``locator``.</doc>
<status status="PASS" start="2024-09-29T01:55:21.363599" elapsed="0.540497"/>
</kw>
<kw name="Input Text" owner="SeleniumLibrary">
<msg time="2024-09-29T01:55:21.905666" level="INFO">Typing text 'nattavut2' into text field 'name=first_name'.</msg>
<arg>name=first_name</arg>
<arg>nattavut2</arg>
<doc>Types the given ``text`` into the text field identified by ``locator``.</doc>
<status status="PASS" start="2024-09-29T01:55:21.905047" elapsed="0.737149"/>
</kw>
<kw name="Wait Until Element Is Visible" owner="SeleniumLibrary">
<arg>id=last_name-label</arg>
<doc>Waits until the element ``locator`` is visible.</doc>
<status status="PASS" start="2024-09-29T01:55:22.642845" elapsed="0.074604"/>
</kw>
<kw name="Input Text" owner="SeleniumLibrary">
<msg time="2024-09-29T01:55:22.717986" level="INFO">Typing text 'keawmaha2' into text field 'name=last_name'.</msg>
<arg>name=last_name</arg>
<arg>keawmaha2</arg>
<doc>Types the given ``text`` into the text field identified by ``locator``.</doc>
<status status="PASS" start="2024-09-29T01:55:22.717735" elapsed="0.562930"/>
</kw>
<kw name="Wait Until Element Is Visible" owner="SeleniumLibrary">
<arg>id=username-label</arg>
<doc>Waits until the element ``locator`` is visible.</doc>
<status status="PASS" start="2024-09-29T01:55:23.281201" elapsed="0.060415"/>
</kw>
<kw name="Input Text" owner="SeleniumLibrary">
<msg time="2024-09-29T01:55:23.342430" level="INFO">Typing text 'nattNa1' into text field 'id=username'.</msg>
<arg>id=username</arg>
<arg>nattNa1</arg>
<doc>Types the given ``text`` into the text field identified by ``locator``.</doc>
<status status="PASS" start="2024-09-29T01:55:23.342058" elapsed="0.497095"/>
</kw>
<kw name="Wait Until Element Is Visible" owner="SeleniumLibrary">
<arg>id=phone_number-label</arg>
<doc>Waits until the element ``locator`` is visible.</doc>
<status status="PASS" start="2024-09-29T01:55:23.841502" elapsed="0.062619"/>
</kw>
<kw name="Input Text" owner="SeleniumLibrary">
<msg time="2024-09-29T01:55:23.904830" level="INFO">Typing text '0891234568' into text field 'id=phone_number'.</msg>
<arg>id=phone_number</arg>
<arg>0891234568</arg>
<doc>Types the given ``text`` into the text field identified by ``locator``.</doc>
<status status="PASS" start="2024-09-29T01:55:23.904574" elapsed="0.572381"/>
</kw>
<kw name="Wait Until Element Is Visible" owner="SeleniumLibrary">
<arg>xpath=//label[@id='email-label']/span</arg>
<doc>Waits until the element ``locator`` is visible.</doc>
<status status="PASS" start="2024-09-29T01:55:24.477609" elapsed="0.068897"/>
</kw>
<kw name="Input Text" owner="SeleniumLibrary">
<msg time="2024-09-29T01:55:24.547278" level="INFO">Typing text 'natt1@gmail.com' into text field 'name=email'.</msg>
<arg>name=email</arg>
<arg>natt1@gmail.com</arg>
<doc>Types the given ``text`` into the text field identified by ``locator``.</doc>
<status status="PASS" start="2024-09-29T01:55:24.546980" elapsed="1.131736"/>
</kw>
<kw name="Wait Until Element Is Visible" owner="SeleniumLibrary">
<arg>id=password-label</arg>
<doc>Waits until the element ``locator`` is visible.</doc>
<status status="PASS" start="2024-09-29T01:55:25.679354" elapsed="0.123166"/>
</kw>
<kw name="Input Text" owner="SeleniumLibrary">
<msg time="2024-09-29T01:55:25.803185" level="INFO">Typing text '23456789l1' into text field 'id=password'.</msg>
<arg>id=password</arg>
<arg>23456789l1</arg>
<doc>Types the given ``text`` into the text field identified by ``locator``.</doc>
<status status="PASS" start="2024-09-29T01:55:25.802894" elapsed="0.572014"/>
</kw>
<kw name="Wait Until Element Is Visible" owner="SeleniumLibrary">
<arg>xpath=//input[@placeholder='MM/DD/YYYY' and @type='text']</arg>
<arg>timeout=10s</arg>
<doc>Waits until the element ``locator`` is visible.</doc>
<status status="PASS" start="2024-09-29T01:55:26.375443" elapsed="0.053503"/>
</kw>
<kw name="Click Element" owner="SeleniumLibrary">
<msg time="2024-09-29T01:55:26.435127" level="INFO">Clicking element 'css=#register-form &gt; div:nth-child(6) &gt; div &gt; div &gt; button'.</msg>
<arg>css=#register-form &gt; div:nth-child(6) &gt; div &gt; div &gt; button</arg>
<doc>Click the element identified by ``locator``.</doc>
<status status="PASS" start="2024-09-29T01:55:26.433692" elapsed="0.249689"/>
</kw>
<kw name="Wait Until Element Is Visible" owner="SeleniumLibrary">
<arg>xpath=/html/body/div[2]/div[2]/div/div/div/div[1]/div[1]/button</arg>
<arg>20s</arg>
<doc>Waits until the element ``locator`` is visible.</doc>
<status status="PASS" start="2024-09-29T01:55:26.684158" elapsed="0.301095"/>
</kw>
<kw name="Click Button" owner="SeleniumLibrary">
<msg time="2024-09-29T01:55:26.986482" level="INFO">Clicking button 'xpath=/html/body/div[2]/div[2]/div/div/div/div[1]/div[1]/button'.</msg>
<arg>xpath=/html/body/div[2]/div[2]/div/div/div/div[1]/div[1]/button</arg>
<doc>Clicks the button identified by ``locator``.</doc>
<status status="PASS" start="2024-09-29T01:55:26.986037" elapsed="0.447677"/>
</kw>
<kw name="Wait Until Element Is Visible" owner="SeleniumLibrary">
<arg>xpath=/html/body/div[2]/div[2]/div/div/div/div[2]/div/div/div[103]/button</arg>
<arg>timeout=30s</arg>
<doc>Waits until the element ``locator`` is visible.</doc>
<status status="PASS" start="2024-09-29T01:55:27.434787" elapsed="0.348977"/>
</kw>
<kw name="Click Element" owner="SeleniumLibrary">
<msg time="2024-09-29T01:55:27.789433" level="INFO">Clicking element 'xpath=/html/body/div[2]/div[2]/div/div/div/div[2]/div/div/div[103]/button'.</msg>
<arg>xpath=/html/body/div[2]/div[2]/div/div/div/div[2]/div/div/div[103]/button</arg>
<doc>Click the element identified by ``locator``.</doc>
<status status="PASS" start="2024-09-29T01:55:27.786453" elapsed="0.518379"/>
</kw>
<kw name="Click Element" owner="SeleniumLibrary">
<msg time="2024-09-29T01:55:28.310406" level="INFO">Clicking element 'xpath=/html/body/div[2]/div[2]/div/div/div/div[2]/div/div/div[2]/div/div[3]/button[5]'.</msg>
<arg>xpath=/html/body/div[2]/div[2]/div/div/div/div[2]/div/div/div[2]/div/div[3]/button[5]</arg>
<doc>Click the element identified by ``locator``.</doc>
<status status="PASS" start="2024-09-29T01:55:28.309839" elapsed="0.366094"/>
</kw>
<kw name="Click Element" owner="SeleniumLibrary">
<msg time="2024-09-29T01:55:28.685153" level="INFO">Clicking element 'xpath=//input[@name='gender' and @value='other']'.</msg>
<arg>xpath=//input[@name='gender' and @value='other']</arg>
<doc>Click the element identified by ``locator``.</doc>
<status status="PASS" start="2024-09-29T01:55:28.677015" elapsed="0.495337"/>
</kw>
<kw name="Click Element" owner="SeleniumLibrary">
<msg time="2024-09-29T01:55:29.183682" level="INFO">Clicking element 'xpath=//button[contains(text(),'Register')]'.</msg>
<arg>xpath=//button[contains(text(),'Register')]</arg>
<doc>Click the element identified by ``locator``.</doc>
<status status="PASS" start="2024-09-29T01:55:29.175767" elapsed="0.694672"/>
</kw>
<kw name="Sleep" owner="BuiltIn">
<msg time="2024-09-29T01:55:30.876511" level="INFO">Slept 1 second.</msg>
<arg>${Delay}</arg>
<doc>Pauses the test executed for the given time.</doc>
<status status="PASS" start="2024-09-29T01:55:29.871349" elapsed="1.006674"/>
</kw>
<kw name=" Check Title blog register8">
<kw name="Wait Until Page Contains" owner="SeleniumLibrary">
<msg time="2024-09-29T01:55:41.929761" level="INFO" html="true">&lt;/td&gt;&lt;/tr&gt;&lt;tr&gt;&lt;td colspan="3"&gt;&lt;a href="selenium-screenshot-26.png"&gt;&lt;img src="selenium-screenshot-26.png" width="800px"&gt;&lt;/a&gt;</msg>
<msg time="2024-09-29T01:55:41.930683" level="FAIL">Text 'ไม่กรอก Gender' did not appear in 10 seconds.</msg>
<arg>ไม่กรอก Gender</arg>
<arg>10s</arg>
<doc>Waits until ``text`` appears on the current page.</doc>
<status status="FAIL" start="2024-09-29T01:55:30.909684" elapsed="11.024284">Text 'ไม่กรอก Gender' did not appear in 10 seconds.</status>
</kw>
<kw name="Sleep" owner="BuiltIn">
<arg>1</arg>
<doc>Pauses the test executed for the given time.</doc>
<status status="NOT RUN" start="2024-09-29T01:55:41.936525" elapsed="0.000183"/>
</kw>
<kw name="Capture Page Screenshot" owner="SeleniumLibrary">
<arg>Photo/Viwearticle/TC2009.png</arg>
<doc>Takes a screenshot of the current page and embeds it into a log file.</doc>
<status status="NOT RUN" start="2024-09-29T01:55:41.937416" elapsed="0.000133"/>
</kw>
<status status="FAIL" start="2024-09-29T01:55:30.892725" elapsed="11.045384">Text 'ไม่กรอก Gender' did not appear in 10 seconds.</status>
</kw>
<kw name="Sleep" owner="BuiltIn">
<arg>${Delay}</arg>
<doc>Pauses the test executed for the given time.</doc>
<status status="NOT RUN" start="2024-09-29T01:55:41.939752" elapsed="0.000114"/>
</kw>
<kw name="Close Browser" owner="SeleniumLibrary">
<doc>Closes the current browser.</doc>
<status status="NOT RUN" start="2024-09-29T01:55:41.940944" elapsed="0.001399"/>
</kw>
<status status="FAIL" start="2024-09-29T01:55:07.909704" elapsed="34.134554">Text 'ไม่กรอก Gender' did not appear in 10 seconds.</status>
</test>
<status status="FAIL" start="2024-09-29T01:51:47.905318" elapsed="234.266678"/>
</suite>
<statistics>
<total>
<stat pass="5" fail="4" skip="0">All Tests</stat>
</total>
<tag>
</tag>
<suite>
<stat pass="5" fail="4" skip="0" id="s1" name="Register">Register</stat>
</suite>
</statistics>
<errors>
</errors>
</robot>
