<?xml version="1.0" encoding="UTF-8"?>
<robot generator="Robot 7.0 (Python 3.12.4 on darwin)" generated="2024-10-24T21:28:54.672651" rpa="false" schemaversion="5">
<suite id="s1" name="EditActivity" source="/Users/macbook/Desktop/TestDDream/Dicedreams-Fullstack/test/Activity/EditActivity.robot">
<test id="s1-t1" name="TC1601Edit" line="27">
<kw name="Open Browser" owner="SeleniumLibrary">
<msg time="2024-10-24T21:28:55.034711" level="INFO">Opening browser 'chrome' to base url 'https://dicedreams-font-end.vercel.app/'.</msg>
<arg>${URL}</arg>
<arg>${Browser}</arg>
<doc>Opens a new browser instance to the optional ``url``.</doc>
<status status="PASS" start="2024-10-24T21:28:55.034358" elapsed="14.594179"/>
</kw>
<kw name="loginStore">
<kw name="Click Button" owner="SeleniumLibrary">
<msg time="2024-10-24T21:29:09.668435" level="INFO">Clicking button 'id=login-button'.</msg>
<arg>id=login-button</arg>
<doc>Clicks the button identified by ``locator``.</doc>
<status status="PASS" start="2024-10-24T21:29:09.661686" elapsed="0.343351"/>
</kw>
<kw name="Wait Until Element Is Visible" owner="SeleniumLibrary">
<arg>xpath=//div[@id='login-form']/div</arg>
<arg>10s</arg>
<doc>Waits until the element ``locator`` is visible.</doc>
<status status="PASS" start="2024-10-24T21:29:10.005510" elapsed="0.060028"/>
</kw>
<kw name="Input Text" owner="SeleniumLibrary">
<msg time="2024-10-24T21:29:10.066140" level="INFO">Typing text 'Outcast' into text field 'name=identifier'.</msg>
<arg>name=identifier</arg>
<arg>Outcast</arg>
<doc>Types the given ``text`` into the text field identified by ``locator``.</doc>
<status status="PASS" start="2024-10-24T21:29:10.065850" elapsed="0.577909"/>
</kw>
<kw name="Click Button" owner="SeleniumLibrary">
<msg time="2024-10-24T21:29:10.646013" level="INFO">Clicking button 'id=loginPassword'.</msg>
<arg>id=loginPassword</arg>
<doc>Clicks the button identified by ``locator``.</doc>
<status status="PASS" start="2024-10-24T21:29:10.644529" elapsed="0.084314"/>
</kw>
<kw name="Input Text" owner="SeleniumLibrary">
<msg time="2024-10-24T21:29:10.731079" level="INFO">Typing text '111111' into text field 'name=loginPassword'.</msg>
<arg>name=loginPassword</arg>
<arg>111111</arg>
<doc>Types the given ``text`` into the text field identified by ``locator``.</doc>
<status status="PASS" start="2024-10-24T21:29:10.729279" elapsed="0.346031"/>
</kw>
<kw name="Click Button" owner="SeleniumLibrary">
<msg time="2024-10-24T21:29:11.075885" level="INFO">Clicking button 'id=login-submit-button'.</msg>
<arg>id=login-submit-button</arg>
<doc>Clicks the button identified by ``locator``.</doc>
<status status="PASS" start="2024-10-24T21:29:11.075583" elapsed="0.103171"/>
</kw>
<status status="PASS" start="2024-10-24T21:29:09.658660" elapsed="1.520370"/>
</kw>
<kw name="Sleep" owner="BuiltIn">
<msg time="2024-10-24T21:29:12.181268" level="INFO">Slept 1 second.</msg>
<arg>${Delay}</arg>
<doc>Pauses the test executed for the given time.</doc>
<status status="PASS" start="2024-10-24T21:29:11.179643" elapsed="1.001819"/>
</kw>
<kw name="Wait Until Element Is Visible" owner="SeleniumLibrary">
<arg>id=username</arg>
<doc>Waits until the element ``locator`` is visible.</doc>
<status status="PASS" start="2024-10-24T21:29:12.181976" elapsed="1.092841"/>
</kw>
<kw name="Click Element" owner="SeleniumLibrary">
<msg time="2024-10-24T21:29:13.275534" level="INFO">Clicking element 'id=username'.</msg>
<arg>id=username</arg>
<doc>Click the element identified by ``locator``.</doc>
<status status="PASS" start="2024-10-24T21:29:13.275213" elapsed="0.097752"/>
</kw>
<kw name="Wait Until Element Is Visible" owner="SeleniumLibrary">
<msg time="2024-10-24T21:29:18.981801" level="INFO" html="true">&lt;/td&gt;&lt;/tr&gt;&lt;tr&gt;&lt;td colspan="3"&gt;&lt;a href="selenium-screenshot-10.png"&gt;&lt;img src="selenium-screenshot-10.png" width="800px"&gt;&lt;/a&gt;</msg>
<msg time="2024-10-24T21:29:18.982706" level="FAIL">Element 'xpath=//*[@id="event-menu-button-5450c038-d033-4cba-8c48-30d699912f26"]' not visible after 5 seconds.</msg>
<arg>xpath=//*[@id="event-menu-button-5450c038-d033-4cba-8c48-30d699912f26"]</arg>
<doc>Waits until the element ``locator`` is visible.</doc>
<status status="FAIL" start="2024-10-24T21:29:13.374800" elapsed="5.619728">Element 'xpath=//*[@id="event-menu-button-5450c038-d033-4cba-8c48-30d699912f26"]' not visible after 5 seconds.</status>
</kw>
<kw name="Click Element" owner="SeleniumLibrary">
<arg>xpath=//*[@id="event-menu-button-5450c038-d033-4cba-8c48-30d699912f26"]</arg>
<doc>Click the element identified by ``locator``.</doc>
<status status="NOT RUN" start="2024-10-24T21:29:18.995228" elapsed="0.000092"/>
</kw>
<kw name="Click Button" owner="SeleniumLibrary">
<arg>id=":r1q:"</arg>
<doc>Clicks the button identified by ``locator``.</doc>
<status status="NOT RUN" start="2024-10-24T21:29:18.995784" elapsed="0.000060"/>
</kw>
<kw name="Input Text" owner="SeleniumLibrary">
<arg>id=":r1q:"</arg>
<arg>นัดแข่งเกมหมากรุก</arg>
<doc>Types the given ``text`` into the text field identified by ``locator``.</doc>
<status status="NOT RUN" start="2024-10-24T21:29:18.996077" elapsed="0.000054"/>
</kw>
<kw name="Click Button" owner="SeleniumLibrary">
<arg>id="outlined-required"</arg>
<doc>Clicks the button identified by ``locator``.</doc>
<status status="NOT RUN" start="2024-10-24T21:29:18.996444" elapsed="0.000048"/>
</kw>
<kw name="Input Text" owner="SeleniumLibrary">
<arg>id="outlined-required"</arg>
<arg>มาร่วมสนุกพร้อมลุ้นรับรางวัลพิเศษ</arg>
<doc>Types the given ``text`` into the text field identified by ``locator``.</doc>
<status status="NOT RUN" start="2024-10-24T21:29:18.996714" elapsed="0.000052"/>
</kw>
<kw name="Click Button" owner="SeleniumLibrary">
<arg>xpath=//*[@id=":r1s:"]</arg>
<doc>Clicks the button identified by ``locator``.</doc>
<status status="NOT RUN" start="2024-10-24T21:29:18.996970" elapsed="0.000055"/>
</kw>
<kw name="Input Text" owner="SeleniumLibrary">
<arg>xpath=//*[@id=":r1s:"]</arg>
<arg>12/07/67</arg>
<doc>Types the given ``text`` into the text field identified by ``locator``.</doc>
<status status="NOT RUN" start="2024-10-24T21:29:18.997235" elapsed="0.000052"/>
</kw>
<kw name="Click Element" owner="SeleniumLibrary">
<arg>id=":r1u:"</arg>
<doc>Click the element identified by ``locator``.</doc>
<status status="NOT RUN" start="2024-10-24T21:29:18.997498" elapsed="0.000049"/>
</kw>
<kw name="Input Text" owner="SeleniumLibrary">
<arg>id=":r1u:"</arg>
<arg>18.00</arg>
<doc>Types the given ``text`` into the text field identified by ``locator``.</doc>
<status status="NOT RUN" start="2024-10-24T21:29:18.997751" elapsed="0.000051"/>
</kw>
<kw name="Wait Until Element Is Visible" owner="SeleniumLibrary">
<arg>xpath=//*[@id="upload-button"]</arg>
<arg>60s</arg>
<doc>Waits until the element ``locator`` is visible.</doc>
<status status="NOT RUN" start="2024-10-24T21:29:18.998013" elapsed="0.000051"/>
</kw>
<kw name="Click Element" owner="SeleniumLibrary">
<arg>xpath=//*[@id="upload-button"]</arg>
<doc>Click the element identified by ``locator``.</doc>
<status status="NOT RUN" start="2024-10-24T21:29:18.998272" elapsed="0.000050"/>
</kw>
<kw name="Choose File" owner="SeleniumLibrary">
<arg>xpath=//*[@id="upload-button"]</arg>
<arg>/Users/macbook/Desktop/หมากรุก.jpeg</arg>
<doc>Inputs the ``file_path`` into the file input field ``locator``.</doc>
<status status="NOT RUN" start="2024-10-24T21:29:18.998587" elapsed="0.000048"/>
</kw>
<status status="FAIL" start="2024-10-24T21:28:55.033323" elapsed="23.965891">Element 'xpath=//*[@id="event-menu-button-5450c038-d033-4cba-8c48-30d699912f26"]' not visible after 5 seconds.</status>
</test>
<status status="FAIL" start="2024-10-24T21:28:54.676070" elapsed="24.325014"/>
</suite>
<statistics>
<total>
<stat pass="0" fail="1" skip="0">All Tests</stat>
</total>
<tag>
</tag>
<suite>
<stat pass="0" fail="1" skip="0" id="s1" name="EditActivity">EditActivity</stat>
</suite>
</statistics>
<errors>
</errors>
</robot>
